[23:56:13 server] init
[23:56:13 server] move
[23:56:14 player] 1,0;2,1
[23:56:14 server] opponent 2,1;0,1
[23:56:15 player] 0,1;2,0
[23:56:15 server] opponent 2,0;0,0
[23:56:16 player] 0,0;1,0
[23:56:16 server] opponent 1,0;2,0
[23:56:17 player] 2,0;1,2
[23:56:17 server] opponent 1,2;2,1
[23:56:18 player] 2,1;2,0
[23:56:18 server] opponent 2,0;2,1
[23:56:19 player] 2,1;1,0
[23:56:19 server] opponent 1,0;2,2
[23:56:20 player] 2,2;2,2
[23:56:20 server] opponent 2,2;1,0
[23:56:21 player] 1,0;0,1
[23:56:21 server] opponent 0,1;0,1
[23:56:22 player] 0,1;1,2
[23:56:22 server] opponent 1,2;2,2
[23:56:23 player] 2,2;0,0
[23:56:23 server] opponent 0,0;0,2
[23:56:24 player] 0,2;2,0
[23:56:24 server] opponent 2,0;1,1
[23:56:25 player] 1,1;2,2
[23:56:25 server] opponent 2,2;0,1
[23:56:26 player] 0,1;1,1
[23:56:26 server] opponent 1,1;1,2
[23:56:27 player] 1,2;1,0
[23:56:27 server] opponent 1,0;1,0
[23:56:28 player] 1,0;0,2
[23:56:28 server] opponent 0,2;1,2
[23:56:29 player] 1,2;1,1
[23:56:29 server] opponent 1,1;0,0
[23:56:30 player] 0,0;2,2
[23:56:30 server] opponent 2,2;2,0
[23:56:31 player] 2,0;1,0
[23:56:31 server] opponent 1,0;1,1
[23:56:32 player] 1,1;1,0
[23:56:32 server] opponent 1,0;0,0
[23:56:33 player] 0,0;1,1
[23:56:33 server] opponent 1,1;1,1
[23:56:34 player] 1,1;2,0
[23:56:34 server] opponent 2,0;2,0
[23:56:35 player] 2,0;2,2
[23:56:35 server] opponent 2,2;1,1
[23:56:36 player] 1,1;0,2
[23:56:36 server] opponent 0,2;0,1
[23:56:37 player] 0,1;0,0
[23:56:37 server] opponent 0,0;2,1
[23:56:38 player] 2,1;2,1
[23:56:38 server] opponent 2,1;0,2
[23:56:39 player] 0,2;0,0
[23:56:39 server] opponent 0,0;0,1
[23:56:40 player] 0,1;2,2
[23:56:40 server] opponent 2,2;2,1
[23:56:41 player] 2,1;1,2
[23:56:41 server] opponent 1,2;2,0
[23:56:42 player] 2,0;0,1
[23:56:42 server] opponent 0,0;2,0
[23:56:43 player] 2,0;0,2
[23:56:43 server] opponent 0,2;1,1
[23:56:44 player] 1,1;2,1
[23:56:44 server] opponent 2,1;2,2
