[22:25:35 server] init
[22:25:35 server] move
[22:25:37 player] 0,0;0,1
[22:25:37 server] opponent 0,1;2,0
[22:25:37 player] 2,0;1,2
[22:25:37 server] opponent 1,2;1,0
[22:25:37 player] 1,0;1,1
[22:25:37 server] opponent 1,1;2,0
[22:25:37 player] 2,0;0,0
[22:25:37 server] opponent 0,0;2,2
[22:25:37 player] 2,2;0,0
[22:25:37 server] opponent 0,0;0,0
[22:25:37 player] 0,0;1,1
[22:25:37 server] opponent 1,1;1,2
[22:25:37 player] 1,2;0,0
[22:25:37 server] opponent 0,0;1,0
[22:25:37 player] 1,0;1,2
[22:25:37 server] opponent 1,2;0,1
[22:25:37 player] 0,1;0,0
[22:25:37 server] opponent 0,0;0,2
[22:25:37 player] 0,2;1,1
[22:25:37 server] opponent 1,1;2,1
[22:25:37 player] 2,1;0,0
[22:25:37 server] opponent 0,0;1,2
[22:25:37 player] 1,2;2,1
[22:25:37 server] opponent 2,1;1,1
[22:25:37 player] 1,1;0,0
[22:25:37 server] opponent 2,1;2,2
[22:25:37 player] 2,2;0,1
[22:25:37 server] opponent 0,1;2,2
[22:25:37 player] 2,2;0,2
[22:25:37 server] opponent 0,2;0,2
[22:25:37 player] 0,2;2,0
[22:25:37 server] opponent 2,0;0,2
[22:25:37 player] 0,2;2,1
[22:25:37 server] opponent 2,1;0,1
[22:25:37 player] 0,1;1,1
[22:25:37 server] opponent 1,1;1,1
[22:25:37 player] 1,1;2,2
[22:25:37 server] opponent 1,2;2,0
[22:25:37 player] 2,0;2,1
[22:25:37 server] opponent 2,1;1,2
[22:25:37 player] 1,2;1,1
[22:25:37 server] opponent 1,1;1,0
[22:25:37 player] 1,0;2,1
[22:25:37 server] opponent 2,1;2,0
[22:25:37 player] 2,0;2,2
[22:25:37 server] opponent 0,1;1,0
[22:25:37 player] 1,0;2,0
[22:25:37 server] opponent 2,0;0,1
[22:25:37 player] 0,1;2,1
[22:25:37 server] opponent 2,1;1,0
[22:25:37 player] 1,0;2,2
[22:25:37 server] opponent 1,2;2,2
[22:25:37 player] 0,2;1,0
[22:25:37 server] opponent 0,1;0,2
[22:25:37 player] 0,2;2,2
[22:25:37 server] opponent 2,0;2,0
[22:25:37 player] 2,0;1,1
[22:25:37 server] opponent 0,1;0,1
[22:25:37 player] 0,1;1,2
[22:25:37 server] opponent 1,2;0,2
[22:25:37 player] 1,2;1,2
[22:25:37 server] init
[22:25:37 server] opponent 0,0;1,0
[22:25:38 player] 1,0;2,0
[22:25:38 server] opponent 2,0;2,0
[22:25:38 player] 2,0;0,0
[22:25:38 server] opponent 0,0;0,0
[22:25:38 player] 0,0;0,1
[22:25:38 server] opponent 0,1;2,1
[22:25:38 player] 2,1;0,0
[22:25:38 server] opponent 0,0;1,2
[22:25:38 player] 1,2;1,2
[22:25:38 server] opponent 1,2;2,2
[22:25:38 player] 2,2;0,0
[22:25:38 server] opponent 0,0;2,1
[22:25:38 player] 2,1;0,1
[22:25:38 server] opponent 0,1;2,2
[22:25:38 player] 2,2;0,1
[22:25:38 server] opponent 0,1;1,2
[22:25:38 player] 1,2;1,1
[22:25:38 server] opponent 1,1;0,1
[22:25:38 player] 0,1;0,2
[22:25:38 server] opponent 0,2;2,0
[22:25:38 player] 2,0;1,2
[22:25:38 server] opponent 1,2;0,2
[22:25:38 player] 0,2;2,1
[22:25:38 server] opponent 2,1;1,2
[22:25:38 player] 1,2;2,1
[22:25:38 server] opponent 2,1;1,0
[22:25:38 player] 1,0;1,2
[22:25:38 server] opponent 1,2;0,1
[22:25:38 player] 0,1;1,0
[22:25:38 server] opponent 1,0;2,1
[22:25:38 player] 2,1;0,2
[22:25:38 server] opponent 0,2;0,2
[22:25:38 player] 0,2;1,0
[22:25:38 server] opponent 1,0;0,1
[22:25:38 player] 0,1;2,0
[22:25:38 server] opponent 2,0;0,1
[22:25:38 player] 0,1;0,0
[22:25:38 server] opponent 0,0;0,2
[22:25:38 player] 0,2;1,1
[22:25:38 server] opponent 1,1;2,2
[22:25:38 player] 2,2;0,2
[22:25:38 server] opponent 0,2;1,2
[22:25:38 player] 1,2;1,0
[22:25:38 server] opponent 1,0;0,2
[22:25:38 player] 0,2;2,2
[22:25:38 server] opponent 0,0;2,0
[22:25:38 player] 2,0;1,1
[22:25:38 server] opponent 1,1;2,1
[22:25:38 player] 1,0;2,2
[22:25:38 server] opponent 2,0;2,1
[22:25:38 player] 1,1;0,2
[22:25:38 server] opponent 0,2;0,1
[22:25:38 player] 1,0;1,1
[22:25:38 server] opponent 1,1;0,0
[22:25:38 player] 1,0;0,0
[22:25:38 server] opponent 0,2;0,0
[22:25:38 player] 1,1;2,0
[22:25:38 server] opponent 2,0;1,0
[22:25:38 player] 2,0;0,2
[22:25:38 server] opponent 1,1;1,0
[22:25:38 player] 2,0;2,2
[22:25:38 server] init
[22:25:38 server] move
[22:25:38 player] 0,0;0,1
[22:25:38 server] opponent 0,1;0,2
[22:25:38 player] 0,2;2,0
[22:25:38 server] opponent 2,0;0,0
[22:25:38 player] 0,0;1,0
[22:25:38 server] opponent 1,0;2,1
[22:25:38 player] 2,1;0,0
[22:25:38 server] opponent 0,0;1,1
[22:25:38 player] 1,1;0,2
[22:25:38 server] opponent 0,2;1,2
[22:25:38 player] 1,2;1,1
[22:25:38 server] opponent 1,1;2,1
[22:25:38 player] 2,1;0,1
[22:25:38 server] opponent 0,1;2,1
[22:25:38 player] 2,1;0,2
[22:25:38 server] opponent 0,2;1,1
[22:25:38 player] 1,1;1,1
[22:25:38 server] opponent 1,1;1,2
[22:25:38 player] 1,2;2,2
[22:25:38 server] opponent 2,2;1,0
[22:25:38 player] 1,0;2,0
[22:25:38 server] opponent 2,0;1,1
[22:25:38 player] 1,1;0,0
[22:25:38 server] opponent 0,0;0,0
[22:25:38 player] 0,0;0,2
[22:25:38 server] opponent 0,2;2,2
[22:25:38 player] 2,2;0,0
[22:25:38 server] opponent 0,0;2,2
[22:25:38 player] 2,2;0,1
[22:25:38 server] opponent 0,1;1,2
[22:25:38 player] 1,2;1,2
[22:25:38 server] opponent 1,2;2,1
[22:25:38 player] 0,1;1,1
[22:25:38 server] opponent 1,1;0,1
[22:25:38 player] 0,1;0,1
[22:25:38 server] opponent 0,1;2,0
[22:25:38 player] 2,0;0,2
[22:25:38 server] opponent 0,2;1,0
[22:25:38 player] 1,0;1,1
[22:25:38 server] opponent 1,1;2,2
[22:25:38 player] 2,2;0,2
[22:25:38 server] opponent 1,1;1,0
[22:25:38 player] 1,0;2,2
[22:25:38 server] opponent 1,2;0,2
[22:25:38 player] 1,0;0,1
[22:25:38 server] opponent 0,1;0,0
[22:25:38 player] 1,2;2,0
[22:25:38 server] opponent 2,0;1,2
[22:25:38 player] 1,2;1,0
[22:25:38 server] opponent 1,0;1,2
[22:25:38 player] 0,1;1,0
[22:25:38 server] opponent 1,0;0,2
[22:25:38 player] 2,0;1,0
[22:25:38 server] opponent 1,0;0,0
[22:25:38 player] 2,0;2,0
[22:25:38 server] opponent 2,0;0,1
[22:25:38 player] 0,1;2,2
[22:25:38 server] opponent 1,0;1,0
[22:25:38 player] 2,0;2,1
[22:25:38 server] opponent 1,1;2,0
[22:25:38 player] 2,0;2,2
[22:25:38 server] init
[22:25:38 server] opponent 0,0;2,1
[22:25:39 player] 2,1;0,0
[22:25:39 server] opponent 0,0;1,2
[22:25:39 player] 1,2;2,0
[22:25:39 server] opponent 2,0;1,2
[22:25:39 player] 1,2;1,2
[22:25:39 server] opponent 1,2;2,2
[22:25:39 player] 2,2;0,0
[22:25:39 server] opponent 0,0;2,2
[22:25:39 player] 2,2;0,1
[22:25:39 server] opponent 0,1;2,1
[22:25:39 player] 2,1;0,1
[22:25:39 server] opponent 0,1;2,2
[22:25:39 player] 2,2;0,2
[22:25:39 server] opponent 0,2;2,0
[22:25:39 player] 2,0;0,0
[22:25:39 server] opponent 0,0;1,0
[22:25:39 player] 1,0;2,2
[22:25:39 server] opponent 0,0;0,0
[22:25:39 player] 0,0;1,1
[22:25:39 server] opponent 1,1;2,0
[22:25:39 player] 2,0;0,2
[22:25:39 server] opponent 0,2;1,1
[22:25:39 player] 1,1;2,1
[22:25:39 server] opponent 2,1;1,0
[22:25:39 player] 1,0;0,2
[22:25:39 server] opponent 0,2;1,2
[22:25:39 player] 1,2;1,1
[22:25:39 server] opponent 1,1;1,0
[22:25:39 player] 1,0;1,2
[22:25:39 server] opponent 1,2;0,2
[22:25:39 player] 0,2;0,0
[22:25:39 server] opponent 0,0;0,1
[22:25:39 player] 0,1;2,0
[22:25:39 server] opponent 2,0;2,0
[22:25:39 player] 2,0;1,0
[22:25:39 server] opponent 0,0;0,2
[22:25:39 player] 0,2;1,0
[22:25:39 server] opponent 2,1;1,1
[22:25:39 player] 1,1;0,0
[22:25:39 server] opponent 1,2;1,0
[22:25:39 player] 0,1;0,2
[22:25:39 server] opponent 0,2;2,2
[22:25:39 player] 0,1;1,0
[22:25:39 server] opponent 1,2;0,1
[22:25:39 player] 0,1;0,0
[22:25:39 server] opponent 2,1;0,2
[22:25:39 player] 0,2;2,1
[22:25:39 server] opponent 2,1;2,0
[22:25:39 player] 2,0;2,1
[22:25:39 server] opponent 1,1;2,2
[22:25:39 player] 1,1;0,2
[22:25:39 server] opponent 0,2;0,1
[22:25:39 player] 1,1;0,1
[22:25:39 server] opponent 1,2;2,1
[22:25:39 player] 1,2;0,0
[22:25:39 server] opponent 2,0;0,1
[22:25:39 player] 2,0;1,1
[22:25:39 server] opponent 0,2;0,2
[22:25:39 player] 2,0;2,2
[22:25:39 server] init
[22:25:39 server] move
[22:25:39 player] 0,0;0,1
[22:25:39 server] opponent 0,1;1,2
[22:25:39 player] 1,2;1,1
[22:25:39 server] opponent 1,1;2,0
[22:25:39 player] 2,0;0,0
[22:25:39 server] opponent 0,0;1,0
[22:25:39 player] 1,0;1,2
[22:25:39 server] opponent 1,2;1,2
[22:25:39 player] 1,2;0,1
[22:25:39 server] opponent 0,1;2,1
[22:25:39 player] 2,1;0,0
[22:25:39 server] opponent 0,0;2,1
[22:25:39 player] 2,1;0,1
[22:25:39 server] opponent 0,1;0,2
[22:25:39 player] 0,2;2,0
[22:25:39 server] opponent 2,0;1,0
[22:25:39 player] 1,0;0,2
[22:25:39 server] opponent 0,2;0,1
[22:25:39 player] 0,1;2,2
[22:25:39 server] opponent 2,2;0,2
[22:25:39 player] 0,2;1,0
[22:25:39 server] opponent 1,0;1,1
[22:25:39 player] 1,1;0,2
[22:25:39 server] opponent 0,2;2,1
[22:25:39 player] 2,1;0,2
[22:25:39 server] opponent 0,2;0,2
[22:25:39 player] 0,2;0,0
[22:25:39 server] opponent 0,0;2,2
[22:25:39 player] 2,2;0,0
[22:25:39 server] opponent 0,0;0,0
[22:25:39 player] 0,0;1,1
[22:25:39 server] opponent 1,1;1,2
[22:25:39 player] 1,2;2,1
[22:25:39 server] opponent 0,0;1,2
[22:25:39 player] 0,0;0,2
[22:25:39 server] opponent 0,0;2,0
[22:25:39 player] 2,0;0,1
[22:25:39 server] opponent 0,1;0,1
[22:25:39 player] 0,1;1,1
[22:25:39 server] opponent 1,1;0,1
[22:25:39 player] 0,1;0,0
[22:25:39 server] opponent 2,2;0,1
[22:25:39 player] 1,0;0,1
[22:25:39 server] opponent 1,1;0,0
[22:25:39 player] 1,0;2,1
[22:25:39 server] opponent 1,0;0,0
[22:25:39 player] 1,0;2,2
[22:25:39 server] opponent 2,2;2,2
[22:25:39 player] 2,2;1,0
[22:25:39 server] opponent 1,1;2,1
[22:25:39 player] 2,0;2,0
[22:25:39 server] opponent 2,0;1,2
[22:25:39 player] 2,0;0,2
[22:25:39 server] opponent 2,2;2,0
[22:25:39 player] 1,1;1,1
[22:25:39 server] opponent 1,1;1,0
[22:25:39 player] 2,2;1,1
[22:25:39 server] opponent 2,2;2,1
[22:25:39 server] init
[22:25:39 server] opponent 0,0;0,2
[22:25:39 player] 0,2;2,0
[22:25:39 server] opponent 2,0;1,2
[22:25:39 player] 1,2;2,2
[22:25:39 server] opponent 2,2;1,1
[22:25:39 player] 1,1;0,0
[22:25:39 server] opponent 0,0;2,2
[22:25:39 player] 2,2;0,0
[22:25:39 server] opponent 0,0;2,1
[22:25:39 player] 2,1;0,0
[22:25:39 server] opponent 0,0;0,1
[22:25:39 player] 0,1;1,1
[22:25:39 server] opponent 1,1;0,2
[22:25:39 player] 0,2;0,2
[22:25:39 server] opponent 0,2;2,1
[22:25:39 player] 2,1;0,1
[22:25:39 server] opponent 0,1;1,0
[22:25:39 player] 1,0;2,2
[22:25:39 server] opponent 2,2;0,2
[22:25:39 player] 0,2;2,2
[22:25:39 server] opponent 2,2;0,1
[22:25:39 player] 0,1;0,1
[22:25:39 server] opponent 0,1;0,2
[22:25:39 player] 0,2;1,2
[22:25:39 server] opponent 1,2;1,0
[22:25:39 player] 1,0;1,1
[22:25:39 server] opponent 1,1;2,2
[22:25:39 player] 2,2;1,0
[22:25:39 server] opponent 1,0;1,0
[22:25:39 player] 1,0;0,1
[22:25:39 server] opponent 0,1;0,0
[22:25:39 player] 0,0;0,0
[22:25:39 server] opponent 0,0;2,0
[22:25:39 player] 2,0;0,0
[22:25:39 server] opponent 2,2;2,2
[22:25:39 player] 2,2;1,2
[22:25:39 server] opponent 1,2;1,2
[22:25:39 player] 1,2;2,0
[22:25:39 server] opponent 2,0;0,2
[22:25:39 player] 1,1;1,1
[22:25:39 server] opponent 1,1;2,1
[22:25:40 player] 2,1;0,2
[22:25:40 server] opponent 2,0;2,1
[22:25:40 player] 1,0;2,1
[22:25:40 server] opponent 2,0;2,2
[22:25:40 player] 2,2;2,0
[22:25:40 server] opponent 1,2;0,0
[22:25:40 player] 1,1;1,0
[22:25:40 server] opponent 0,1;2,1
[22:25:40 player] 0,1;2,2
[22:25:40 server] opponent 0,1;1,2
[22:25:40 player] 1,2;0,1
[22:25:40 server] opponent 0,1;2,0
[22:25:40 player] 1,1;2,0
[22:25:40 server] opponent 1,2;0,2
[22:25:40 player] 1,2;1,1
[22:25:40 server] opponent 1,2;2,1
[22:25:40 server] init
[22:25:40 server] move
[22:25:40 player] 0,0;0,1
[22:25:40 server] opponent 0,1;1,0
[22:25:40 player] 1,0;1,2
[22:25:40 server] opponent 1,2;2,0
[22:25:40 player] 2,0;0,0
[22:25:40 server] opponent 0,0;2,1
[22:25:40 player] 2,1;0,0
[22:25:40 server] opponent 0,0;0,0
[22:25:40 player] 0,0;1,0
[22:25:40 server] opponent 1,0;0,1
[22:25:40 player] 0,1;1,2
[22:25:40 server] opponent 1,2;0,2
[22:25:40 player] 0,2;2,0
[22:25:40 server] opponent 2,0;1,1
[22:25:40 player] 1,1;0,2
[22:25:40 server] opponent 0,2;0,2
[22:25:40 player] 0,2;2,1
[22:25:40 server] opponent 2,1;2,0
[22:25:40 player] 2,0;0,1
[22:25:40 server] opponent 0,1;0,2
[22:25:40 player] 0,2;2,2
[22:25:40 server] opponent 2,2;2,0
[22:25:40 player] 2,0;1,2
[22:25:40 server] opponent 1,2;1,0
[22:25:40 player] 1,0;2,2
[22:25:40 server] opponent 2,2;1,0
[22:25:40 player] 1,0;2,1
[22:25:40 server] opponent 2,1;1,1
[22:25:40 player] 1,1;1,1
[22:25:40 server] opponent 1,1;1,0
[22:25:40 player] 1,0;1,1
[22:25:40 server] opponent 1,1;1,2
[22:25:40 player] 1,2;2,1
[22:25:40 server] opponent 2,1;0,2
[22:25:40 player] 0,0;2,0
[22:25:40 server] opponent 2,0;1,0
[22:25:40 player] 1,0;0,0
[22:25:40 server] opponent 0,0;0,2
[22:25:40 player] 0,1;1,1
[22:25:40 server] opponent 1,1;2,2
[22:25:40 player] 2,2;0,0
[22:25:40 server] opponent 0,0;1,1
[22:25:40 player] 1,1;2,0
[22:25:40 server] opponent 2,0;2,1
[22:25:40 player] 0,1;0,1
[22:25:40 server] opponent 0,1;2,2
[22:25:40 player] 2,2;0,1
[22:25:40 server] opponent 0,1;2,1
[22:25:40 player] 1,2;1,1
[22:25:40 server] opponent 0,0;1,2
[22:25:40 player] 1,2;0,0
[22:25:40 server] opponent 0,0;2,2
[22:25:40 player] 2,2;0,2
[22:25:40 server] opponent 2,0;0,2
[22:25:40 player] 1,2;0,1
[22:25:40 server] init
[22:25:40 server] opponent 0,0;0,1
[22:25:40 player] 0,1;1,1
[22:25:40 server] opponent 1,1;1,1
[22:25:40 player] 1,1;1,0
[22:25:40 server] opponent 1,0;2,2
[22:25:40 player] 2,2;0,0
[22:25:40 server] opponent 0,0;1,2
[22:25:40 player] 1,2;0,0
[22:25:40 server] opponent 0,0;2,0
[22:25:40 player] 2,0;0,1
[22:25:40 server] opponent 0,1;0,1
[22:25:40 player] 0,1;2,2
[22:25:40 server] opponent 2,2;0,1
[22:25:40 player] 0,1;0,0
[22:25:40 server] opponent 0,0;1,0
[22:25:40 player] 1,0;1,2
[22:25:40 server] opponent 1,2;2,2
[22:25:40 player] 2,2;0,2
[22:25:40 server] opponent 0,2;0,1
[22:25:40 player] 1,1;0,2
[22:25:40 server] opponent 0,2;2,2
[22:25:40 player] 2,2;1,0
[22:25:40 server] opponent 1,0;0,0
[22:25:40 player] 0,0;1,1
[22:25:40 server] opponent 1,1;2,0
[22:25:40 player] 2,0;0,0
[22:25:40 server] opponent 0,0;0,2
[22:25:40 player] 0,2;2,0
[22:25:40 server] opponent 2,0;1,0
[22:25:40 player] 1,0;2,0
[22:25:40 server] opponent 2,0;0,2
[22:25:40 player] 0,2;0,2
[22:25:40 server] opponent 0,2;1,2
[22:25:40 player] 1,2;2,0
[22:25:40 server] opponent 2,0;2,2
[22:25:40 player] 2,2;1,1
[22:25:40 server] opponent 1,1;1,2
[22:25:40 player] 1,2;1,2
[22:25:40 server] opponent 1,2;0,1
[22:25:40 player] 1,0;0,1
[22:25:40 server] opponent 0,0;2,1
[22:25:40 player] 2,1;0,0
[22:25:40 server] opponent 0,0;0,0
[22:25:40 player] 1,0;1,1
[22:25:40 server] opponent 1,1;0,1
[22:25:40 player] 1,0;2,1
[22:25:40 server] opponent 2,1;2,1
[22:25:40 player] 2,1;0,1
[22:25:40 server] opponent 1,2;0,2
[22:25:40 player] 0,2;2,1
[22:25:40 server] opponent 2,1;2,0
[22:25:40 player] 2,0;1,1
[22:25:40 server] opponent 1,1;0,0
[22:25:40 player] 0,2;1,1
[22:25:40 server] opponent 1,1;2,2
[22:25:40 player] 2,2;1,2
[22:25:40 server] opponent 1,2;1,0
[22:25:40 player] 1,2;1,1
[22:25:40 server] opponent 1,2;2,1
[22:25:40 player] 2,1;0,2
[22:25:40 server] opponent 2,0;2,1
[22:25:40 player] 2,0;1,2
[22:25:40 server] opponent 2,0;2,0
[22:25:40 server] init
[22:25:40 server] move
[22:25:41 player] 0,0;0,1
[22:25:41 server] opponent 0,1;2,0
[22:25:41 player] 2,0;1,2
[22:25:41 server] opponent 1,2;0,2
[22:25:41 player] 0,2;1,1
[22:25:41 server] opponent 1,1;2,0
[22:25:41 player] 2,0;0,0
[22:25:41 server] opponent 0,0;2,0
[22:25:41 player] 2,0;1,1
[22:25:41 server] opponent 1,1;1,2
[22:25:41 player] 1,2;2,2
[22:25:41 server] opponent 2,2;0,2
[22:25:41 player] 0,2;0,2
[22:25:41 server] opponent 0,2;0,1
[22:25:41 player] 0,1;1,1
[22:25:41 server] opponent 1,1;0,0
[22:25:41 player] 0,0;0,0
[22:25:41 server] opponent 0,0;1,2
[22:25:41 player] 1,2;1,2
[22:25:41 server] opponent 1,2;1,1
[22:25:41 player] 1,1;0,1
[22:25:41 server] opponent 0,1;0,2
[22:25:41 player] 0,2;1,0
[22:25:41 server] opponent 1,0;0,0
[22:25:41 player] 0,0;0,2
[22:25:41 server] opponent 0,2;2,2
[22:25:41 player] 2,2;0,0
[22:25:41 server] opponent 0,2;0,0
[22:25:41 player] 1,0;1,1
[22:25:41 server] opponent 1,1;0,2
[22:25:41 player] 0,2;2,0
[22:25:41 server] opponent 2,0;2,2
[22:25:41 player] 2,2;0,1
[22:25:41 server] opponent 0,1;0,0
[22:25:41 player] 1,0;2,2
[22:25:41 server] opponent 2,2;2,2
[22:25:41 player] 2,2;1,0
[22:25:41 server] opponent 1,0;0,2
[22:25:41 player] 0,1;2,2
[22:25:41 server] opponent 2,2;2,0
[22:25:41 player] 2,0;0,2
[22:25:41 server] opponent 1,2;2,0
[22:25:41 player] 2,0;2,1
[22:25:41 server] opponent 2,1;1,2
[22:25:41 player] 1,1;1,1
[22:25:41 server] opponent 1,1;2,1
[22:25:41 player] 2,1;0,0
[22:25:41 server] opponent 0,1;2,1
[22:25:41 player] 2,1;0,1
[22:25:41 server] opponent 0,1;0,1
[22:25:41 player] 1,0;0,1
[22:25:41 server] opponent 1,0;2,1
[22:25:41 player] 2,1;0,2
[22:25:41 server] opponent 2,2;1,2
[22:25:41 player] 1,0;1,0
[22:25:41 server] opponent 1,0;2,0
[22:25:41 player] 2,0;2,0
[22:25:41 server] opponent 1,1;2,2
[22:25:41 player] 1,0;1,2
[22:25:41 server] init
[22:25:41 server] opponent 0,0;0,2
[22:25:41 player] 0,2;2,0
[22:25:41 server] opponent 2,0;0,2
[22:25:41 player] 0,2;1,2
[22:25:41 server] opponent 1,2;0,0
[22:25:41 player] 0,0;2,0
[22:25:41 server] opponent 2,0;2,1
[22:25:41 player] 2,1;0,0
[22:25:41 server] opponent 0,0;1,0
[22:25:41 player] 1,0;2,2
[22:25:41 server] opponent 2,2;1,2
[22:25:41 player] 1,2;2,0
[22:25:41 server] opponent 2,0;0,0
[22:25:41 player] 0,0;0,1
[22:25:41 server] opponent 0,1;2,1
[22:25:41 player] 2,1;0,1
[22:25:41 server] opponent 0,1;1,0
[22:25:41 player] 1,0;2,1
[22:25:41 server] opponent 2,1;1,2
[22:25:41 player] 1,2;1,1
[22:25:41 server] opponent 1,1;2,0
[22:25:41 player] 2,0;1,2
[22:25:41 server] opponent 1,2;2,1
[22:25:41 player] 2,1;0,2
[22:25:41 server] opponent 0,2;1,1
[22:25:41 player] 1,1;0,0
[22:25:41 server] opponent 0,0;0,0
[22:25:41 player] 0,0;1,1
[22:25:41 server] opponent 1,1;0,1
[22:25:41 player] 0,1;1,1
[22:25:41 server] opponent 1,1;2,1
[22:25:41 player] 0,1;1,2
[22:25:41 server] opponent 1,2;0,2
[22:25:41 player] 0,2;1,0
[22:25:41 server] opponent 1,0;1,1
[22:25:41 player] 1,1;0,2
[22:25:41 server] opponent 0,2;0,0
[22:25:41 player] 0,0;1,2
[22:25:41 server] opponent 1,2;1,0
[22:25:41 player] 1,0;2,0
[22:25:41 server] opponent 2,0;2,2
[22:25:41 player] 2,2;0,0
[22:25:41 server] opponent 0,0;2,1
[22:25:41 player] 0,2;0,1
[22:25:41 server] opponent 0,1;2,2
[22:25:41 player] 2,2;0,1
[22:25:41 server] opponent 0,1;0,2
[22:25:41 player] 0,2;2,1
[22:25:41 server] opponent 0,0;2,2
[22:25:41 player] 2,2;0,2
[22:25:41 server] opponent 0,2;0,2
[22:25:41 player] 0,2;2,2
[22:25:41 server] opponent 0,1;0,0
[22:25:41 player] 1,1;1,0
[22:25:41 server] opponent 2,0;0,1
[22:25:41 player] 0,1;2,0
[22:25:41 server] opponent 1,1;2,2
[22:25:41 player] 1,2;0,1
[22:25:41 server] opponent 0,1;0,1
[22:25:41 player] 1,2;1,2
[22:25:41 server] opponent 1,2;2,2
[22:25:41 server] init
[22:25:41 server] move
[22:25:42 player] 0,0;0,1
[22:25:42 server] opponent 0,1;1,1
[22:25:42 player] 1,1;1,0
[22:25:42 server] opponent 1,0;2,2
[22:25:42 player] 2,2;0,0
[22:25:42 server] opponent 0,0;1,1
[22:25:42 player] 1,1;1,1
[22:25:42 server] opponent 1,1;0,2
[22:25:42 player] 0,2;2,0
[22:25:42 server] opponent 2,0;0,1
[22:25:42 player] 0,1;2,2
[22:25:42 server] opponent 2,2;1,0
[22:25:42 player] 1,0;1,2
[22:25:42 server] opponent 1,2;2,2
[22:25:42 player] 2,2;0,1
[22:25:42 server] opponent 0,1;0,2
[22:25:42 player] 0,2;2,1
[22:25:42 server] opponent 2,1;2,1
[22:25:42 player] 2,1;0,0
[22:25:42 server] opponent 0,0;0,2
[22:25:42 player] 0,2;2,2
[22:25:42 server] opponent 2,2;1,2
[22:25:42 player] 1,2;2,0
[22:25:42 server] opponent 2,0;2,2
[22:25:42 player] 2,2;0,2
[22:25:42 server] opponent 0,0;2,1
[22:25:42 player] 2,1;0,1
[22:25:42 server] opponent 0,1;2,0
[22:25:42 player] 2,0;1,1
[22:25:42 server] opponent 1,1;0,0
[22:25:42 player] 0,0;1,0
[22:25:42 server] opponent 1,0;0,2
[22:25:42 player] 1,0;1,1
[22:25:42 server] opponent 1,1;2,2
[22:25:42 player] 0,0;2,0
[22:25:42 server] opponent 2,0;0,0
[22:25:42 player] 0,0;1,2
[22:25:42 server] opponent 1,2;1,2
[22:25:42 player] 1,2;1,1
[22:25:42 server] opponent 1,1;2,1
[22:25:42 player] 2,1;0,2
[22:25:42 server] opponent 0,0;2,2
[22:25:42 player] 0,0;0,0
[22:25:42 server] opponent 1,0;2,0
[22:25:42 player] 2,0;0,2
[22:25:42 server] opponent 1,2;2,1
[22:25:42 player] 1,0;2,1
[22:25:42 server] opponent 1,2;0,0
[22:25:42 player] 1,1;1,2
[22:25:42 server] init
[22:25:42 server] opponent 0,0;2,0
[22:25:42 player] 2,0;0,1
[22:25:42 server] opponent 0,1;2,0
[22:25:42 player] 2,0;0,0
[22:25:42 server] opponent 0,0;0,2
[22:25:42 player] 0,2;0,2
[22:25:42 server] opponent 0,2;0,1
[22:25:42 player] 0,1;1,1
[22:25:42 server] opponent 1,1;2,0
[22:25:42 player] 2,0;1,2
[22:25:42 server] opponent 1,2;1,1
[22:25:42 player] 1,1;0,0
[22:25:42 server] opponent 0,0;0,0
[22:25:42 player] 0,0;1,0
[22:25:42 server] opponent 1,0;0,2
[22:25:42 player] 0,2;1,1
[22:25:42 server] opponent 1,1;1,2
[22:25:42 player] 1,2;1,2
[22:25:42 server] opponent 1,2;1,0
[22:25:42 player] 1,0;1,1
[22:25:42 server] opponent 1,1;1,1
[22:25:42 player] 1,1;1,0
[22:25:42 server] opponent 1,0;2,0
[22:25:42 player] 2,0;1,0
[22:25:42 server] opponent 1,0;0,0
[22:25:42 player] 0,0;0,1
[22:25:42 server] opponent 0,1;0,0
[22:25:42 player] 0,0;1,1
[22:25:42 server] opponent 1,1;2,2
[22:25:42 player] 2,2;0,0
[22:25:42 server] opponent 0,0;2,1
[22:25:42 player] 2,1;0,0
[22:25:42 server] opponent 0,0;2,2
[22:25:42 player] 2,2;0,1
[22:25:42 server] opponent 0,1;1,0
[22:25:42 player] 1,0;2,1
[22:25:42 server] opponent 2,1;2,2
[22:25:42 player] 2,2;0,2
[22:25:42 server] opponent 0,2;1,2
[22:25:42 player] 1,2;0,0
[22:25:42 server] opponent 1,1;0,2
[22:25:42 player] 0,2;0,0
[22:25:42 server] opponent 2,1;0,2
[22:25:42 player] 0,2;2,0
[22:25:42 server] opponent 2,0;2,2
[22:25:42 player] 1,2;2,1
[22:25:42 server] opponent 2,1;2,0
[22:25:42 player] 2,0;0,2
[22:25:42 server] opponent 1,0;2,2
[22:25:42 player] 1,0;1,0
[22:25:42 server] opponent 1,0;1,2
[22:25:42 player] 1,2;0,1
[22:25:42 server] opponent 2,1;0,1
[22:25:42 player] 1,2;2,0
[22:25:42 server] opponent 1,2;2,2
[22:25:42 player] 1,2;0,2
[22:25:42 server] init
[22:25:42 server] move
[22:25:43 player] 0,0;0,1
[22:25:43 server] opponent 0,1;1,2
[22:25:43 player] 1,2;1,1
[22:25:43 server] opponent 1,1;2,2
[22:25:43 player] 2,2;0,0
[22:25:43 server] opponent 0,0;1,0
[22:25:43 player] 1,0;1,2
[22:25:43 server] opponent 1,2;0,2
[22:25:43 player] 0,2;2,0
[22:25:43 server] opponent 2,0;1,1
[22:25:43 player] 1,1;1,1
[22:25:43 server] opponent 1,1;0,0
[22:25:43 player] 0,0;0,0
[22:25:43 server] opponent 0,0;1,1
[22:25:43 player] 1,1;0,2
[22:25:43 server] opponent 0,2;2,1
[22:25:43 player] 2,1;0,0
[22:25:43 server] opponent 0,0;2,0
[22:25:43 player] 2,0;0,0
[22:25:43 server] opponent 0,0;0,2
[22:25:43 player] 0,2;2,2
[22:25:43 server] opponent 2,2;0,1
[22:25:43 player] 0,1;2,2
[22:25:43 server] opponent 2,2;2,0
[22:25:43 player] 2,0;0,1
[22:25:43 server] opponent 0,1;0,0
[22:25:43 player] 0,1;1,0
[22:25:43 server] opponent 1,0;2,2
[22:25:43 player] 2,2;0,2
[22:25:43 server] opponent 0,2;1,1
[22:25:43 player] 1,1;2,0
[22:25:43 server] opponent 2,0;2,2
[22:25:43 player] 2,2;1,0
[22:25:43 server] opponent 1,0;0,0
[22:25:43 player] 0,1;2,1
[22:25:43 server] opponent 2,1;2,1
[22:25:43 player] 2,1;0,1
[22:25:43 server] opponent 0,1;0,1
[22:25:43 player] 0,1;1,1
[22:25:43 server] opponent 1,0;1,0
[22:25:43 player] 1,0;1,1
[22:25:43 server] opponent 1,0;0,2
[22:25:43 player] 0,2;1,2
[22:25:43 server] opponent 1,2;1,0
[22:25:43 player] 1,0;2,1
[22:25:43 server] opponent 2,1;2,2
[22:25:43 player] 2,2;1,1
[22:25:43 server] opponent 2,2;2,1
[22:25:43 player] 2,1;0,2
[22:25:43 server] opponent 0,2;0,1
[22:25:43 player] 0,1;2,0
[22:25:43 server] init
[22:25:43 server] opponent 0,0;1,2
[22:25:44 player] 1,2;2,1
[22:25:44 server] opponent 2,1;2,2
[22:25:44 player] 2,2;0,0
[22:25:44 server] opponent 0,0;0,1
[22:25:44 player] 0,1;0,0
[22:25:44 server] opponent 0,0;0,0
[22:25:44 player] 0,0;1,0
[22:25:44 server] opponent 1,0;0,0
[22:25:44 player] 0,0;1,1
[22:25:44 server] opponent 1,1;1,1
[22:25:44 player] 1,1;0,2
[22:25:44 server] opponent 0,2;0,2
[22:25:44 player] 0,2;0,0
[22:25:44 server] opponent 0,0;0,2
[22:25:44 player] 0,2;2,0
[22:25:44 server] opponent 2,0;0,2
[22:25:44 player] 0,2;2,1
[22:25:44 server] opponent 2,1;0,2
[22:25:44 player] 0,2;2,2
[22:25:44 server] opponent 2,2;0,1
[22:25:44 player] 0,1;2,2
[22:25:44 server] opponent 2,2;2,0
[22:25:44 player] 2,0;0,1
[22:25:44 server] opponent 0,1;1,0
[22:25:44 player] 1,0;1,2
[22:25:44 server] opponent 1,2;0,2
[22:25:44 player] 1,1;1,0
[22:25:44 server] opponent 1,0;0,2
[22:25:44 player] 0,1;1,2
[22:25:44 server] opponent 1,2;1,1
[22:25:44 player] 1,1;2,0
[22:25:44 server] opponent 2,0;1,0
[22:25:44 player] 1,0;1,1
[22:25:44 server] opponent 1,1;0,0
[22:25:44 player] 0,1;2,0
[22:25:44 server] opponent 2,0;1,1
[22:25:44 player] 1,1;2,1
[22:25:44 server] opponent 2,1;1,0
[22:25:44 player] 1,0;1,0
[22:25:44 server] opponent 2,1;0,0
[22:25:44 player] 0,1;1,1
[22:25:44 server] opponent 1,1;1,2
[22:25:44 player] 1,2;1,2
[22:25:44 server] opponent 1,2;0,1
[22:25:44 player] 1,1;0,1
[22:25:44 server] opponent 1,1;2,2
[22:25:44 player] 2,2;0,2
[22:25:44 server] opponent 2,1;1,2
[22:25:44 player] 1,2;0,0
[22:25:44 server] opponent 2,2;1,0
[22:25:44 player] 2,0;0,0
[22:25:44 server] opponent 1,2;1,0
[22:25:44 player] 2,0;2,1
[22:25:44 server] opponent 2,0;2,0
[22:25:44 player] 2,2;1,1
[22:25:44 server] opponent 1,2;2,0
[22:25:44 player] 2,2;1,2
[22:25:44 server] opponent 2,2;2,1
[22:25:44 player] 2,2;2,2
[22:25:44 server] init
[22:25:44 server] move
[22:25:44 player] 0,0;0,1
[22:25:44 server] opponent 0,1;2,1
[22:25:44 player] 2,1;0,0
[22:25:44 server] opponent 0,0;1,2
[22:25:44 player] 1,2;1,2
[22:25:44 server] opponent 1,2;1,1
[22:25:44 player] 1,1;1,0
[22:25:44 server] opponent 1,0;0,0
[22:25:44 player] 0,0;0,2
[22:25:44 server] opponent 0,2;1,0
[22:25:44 player] 1,0;2,0
[22:25:44 server] opponent 2,0;1,0
[22:25:44 player] 1,0;1,2
[22:25:44 server] opponent 1,2;0,0
[22:25:44 player] 0,0;2,0
[22:25:44 server] opponent 2,0;0,2
[22:25:44 player] 0,2;2,0
[22:25:44 server] opponent 2,0;2,0
[22:25:44 player] 2,0;0,0
[22:25:44 server] opponent 0,0;1,1
[22:25:44 player] 1,1;0,0
[22:25:44 server] opponent 0,0;2,1
[22:25:44 player] 2,1;0,1
[22:25:44 server] opponent 0,1;1,2
[22:25:44 player] 1,2;2,1
[22:25:44 server] opponent 2,1;2,0
[22:25:44 player] 2,0;2,1
[22:25:44 server] opponent 2,1;1,2
[22:25:44 player] 1,2;2,0
[22:25:44 server] opponent 2,0;1,2
[22:25:44 player] 1,2;0,1
[22:25:44 server] opponent 0,1;2,0
[22:25:44 player] 2,0;1,1
[22:25:44 server] opponent 1,1;2,2
[22:25:44 player] 2,2;0,0
[22:25:44 server] opponent 0,0;2,2
[22:25:44 player] 2,2;0,1
[22:25:44 server] opponent 0,1;1,0
[22:25:44 player] 1,0;0,2
[22:25:44 server] opponent 0,2;2,2
[22:25:44 player] 2,2;0,2
[22:25:44 server] opponent 0,2;1,2
[22:25:44 player] 1,2;0,2
[22:25:44 server] opponent 0,2;0,1
[22:25:44 player] 0,1;2,2
[22:25:44 server] opponent 0,0;0,0
[22:25:44 player] 0,2;1,1
[22:25:44 server] opponent 1,1;2,1
[22:25:44 player] 2,1;0,2
[22:25:44 server] opponent 0,2;0,0
[22:25:44 player] 1,0;1,1
[22:25:44 server] opponent 1,1;1,2
[22:25:44 player] 1,2;2,2
[22:25:44 server] opponent 2,0;2,2
[22:25:44 player] 0,1;1,1
[22:25:44 server] opponent 1,1;2,0
[22:25:44 player] 0,1;0,1
[22:25:44 server] opponent 0,1;0,0
[22:25:44 player] 0,2;2,1
[22:25:44 server] opponent 0,2;0,2
[22:25:44 server] init
[22:25:44 server] opponent 0,0;2,2
[22:25:45 player] 2,2;0,0
[22:25:45 server] opponent 0,0;0,1
[22:25:45 player] 0,1;0,1
[22:25:45 server] opponent 0,1;2,2
[22:25:45 player] 2,2;0,1
[22:25:45 server] opponent 0,1;2,1
[22:25:45 player] 2,1;0,0
[22:25:45 server] opponent 0,0;0,2
[22:25:45 player] 0,2;0,2
[22:25:45 server] opponent 0,2;2,2
[22:25:45 player] 2,2;0,2
[22:25:45 server] opponent 0,2;0,1
[22:25:45 player] 0,1;1,1
[22:25:45 server] opponent 1,1;2,1
[22:25:45 player] 2,1;0,1
[22:25:45 server] opponent 0,1;0,0
[22:25:45 player] 0,0;1,1
[22:25:45 server] opponent 1,1;2,2
[22:25:45 player] 0,0;1,0
[22:25:45 server] opponent 1,0;1,0
[22:25:45 player] 1,0;2,0
[22:25:45 server] opponent 2,0;1,2
[22:25:45 player] 1,2;2,1
[22:25:45 server] opponent 2,1;2,1
[22:25:45 player] 2,1;0,2
[22:25:45 server] opponent 0,2;2,0
[22:25:45 player] 2,0;0,0
[22:25:45 server] opponent 0,0;0,0
[22:25:45 player] 1,0;1,1
[22:25:45 server] opponent 1,1;1,1
[22:25:45 player] 1,1;0,2
[22:25:45 server] opponent 0,2;2,1
[22:25:45 player] 0,1;2,0
[22:25:45 server] opponent 2,0;0,2
[22:25:45 player] 1,0;0,1
[22:25:45 server] opponent 0,1;1,0
[22:25:45 player] 1,0;2,1
[22:25:45 server] opponent 1,1;0,0
[22:25:45 player] 1,2;1,2
[22:25:45 server] opponent 1,2;1,1
[22:25:45 player] 1,2;0,2
[22:25:45 server] opponent 1,2;2,2
[22:25:45 player] 1,2;0,0
[22:25:45 server] opponent 2,0;2,0
[22:25:45 player] 2,0;1,1
[22:25:45 server] opponent 0,1;1,2
[22:25:45 player] 1,2;0,1
[22:25:45 server] opponent 0,1;0,2
[22:25:45 server] init
[22:25:45 server] move
[22:25:45 player] 0,0;0,1
[22:25:45 server] opponent 0,1;2,2
[22:25:45 player] 2,2;0,0
[22:25:45 server] opponent 0,0;1,1
[22:25:45 player] 1,1;1,0
[22:25:45 server] opponent 1,0;1,0
[22:25:45 player] 1,0;1,2
[22:25:45 server] opponent 1,2;2,2
[22:25:45 player] 2,2;0,1
[22:25:45 server] opponent 0,1;2,1
[22:25:45 player] 2,1;0,0
[22:25:45 server] opponent 0,0;1,2
[22:25:45 player] 1,2;1,1
[22:25:45 server] opponent 1,1;2,2
[22:25:45 player] 2,2;0,2
[22:25:45 server] opponent 0,2;2,2
[22:25:45 player] 1,1;0,2
[22:25:45 server] opponent 0,2;1,0
[22:25:45 player] 1,0;1,1
[22:25:45 server] opponent 1,1;1,1
[22:25:45 player] 1,1;0,1
[22:25:45 server] opponent 0,1;2,0
[22:25:45 player] 2,0;0,0
[22:25:45 server] opponent 0,0;2,0
[22:25:45 player] 2,0;0,2
[22:25:45 server] opponent 0,2;0,0
[22:25:45 player] 0,0;1,0
[22:25:45 server] opponent 1,0;0,1
[22:25:45 player] 0,2;0,1
[22:25:45 server] opponent 0,0;2,1
[22:25:45 player] 2,1;0,1
[22:25:45 server] opponent 0,0;0,2
[22:25:45 player] 0,2;2,0
[22:25:45 server] opponent 2,0;1,1
[22:25:45 player] 1,1;0,0
[22:25:45 server] opponent 0,2;2,1
[22:25:45 player] 2,1;0,2
[22:25:45 server] opponent 0,2;0,2
[22:25:45 player] 0,2;1,1
[22:25:45 server] opponent 1,2;0,1
[22:25:45 player] 1,0;2,0
[22:25:45 server] opponent 2,0;0,1
[22:25:45 player] 1,2;2,1
[22:25:45 server] opponent 1,0;2,1
[22:25:45 player] 0,2;1,2
[22:25:45 server] opponent 1,2;2,0
[22:25:45 player] 2,0;1,2
[22:25:45 server] opponent 1,2;1,2
[22:25:45 player] 1,2;1,0
[22:25:45 server] opponent 1,0;0,0
[22:25:45 player] 1,0;2,2
[22:25:45 server] opponent 1,2;0,0
[22:25:45 player] 1,2;0,2
[22:25:45 server] opponent 1,0;0,2
[22:25:45 player] 2,0;2,1
[22:25:45 server] opponent 2,0;2,2
[22:25:45 player] 2,0;2,0
[22:25:45 server] opponent 2,0;1,0
[22:25:45 server] init
[22:25:45 server] opponent 0,0;0,2
[22:25:46 player] 0,2;2,0
[22:25:46 server] opponent 2,0;1,0
[22:25:46 player] 1,0;2,0
[22:25:46 server] opponent 2,0;2,1
[22:25:46 player] 2,1;0,0
[22:25:46 server] opponent 0,0;2,1
[22:25:46 player] 2,1;0,1
[22:25:46 server] opponent 0,1;2,0
[22:25:46 player] 2,0;0,0
[22:25:46 server] opponent 0,0;0,1
[22:25:46 player] 0,1;2,1
[22:25:46 server] opponent 2,1;1,1
[22:25:46 player] 1,1;0,0
[22:25:46 server] opponent 0,0;2,0
[22:25:46 player] 2,0;0,2
[22:25:46 server] opponent 0,2;2,2
[22:25:46 player] 2,2;0,0
[22:25:46 server] opponent 0,0;1,0
[22:25:46 player] 1,0;1,1
[22:25:46 server] opponent 1,1;2,0
[22:25:46 player] 2,0;0,1
[22:25:46 server] opponent 0,1;0,2
[22:25:46 player] 0,2;0,2
[22:25:46 server] opponent 0,2;1,2
[22:25:46 player] 1,2;0,1
[22:25:46 server] opponent 0,1;0,1
[22:25:46 player] 0,1;2,2
[22:25:46 server] opponent 2,2;2,2
[22:25:46 player] 2,2;0,1
[22:25:46 server] opponent 0,1;0,0
[22:25:46 player] 0,0;1,1
[22:25:46 server] opponent 1,1;2,2
[22:25:46 player] 2,2;0,2
[22:25:46 server] opponent 0,2;0,1
[22:25:46 player] 1,0;2,1
[22:25:46 server] opponent 2,1;1,2
[22:25:46 player] 1,2;1,2
[22:25:46 server] opponent 1,2;2,0
[22:25:46 player] 1,0;2,2
[22:25:46 server] opponent 0,0;2,2
[22:25:46 player] 1,1;0,2
[22:25:46 server] opponent 0,2;1,1
[22:25:46 player] 1,1;2,1
[22:25:46 server] opponent 2,1;0,2
[22:25:46 player] 0,2;1,0
[22:25:46 server] opponent 0,2;0,0
[22:25:46 server] init
[22:25:46 server] move
[22:25:47 player] 0,0;0,1
[22:25:47 server] opponent 0,1;0,1
[22:25:47 player] 0,1;1,1
[22:25:47 server] opponent 1,1;2,2
[22:25:47 player] 2,2;0,0
[22:25:47 server] opponent 0,0;2,2
[22:25:47 player] 2,2;0,1
[22:25:47 server] opponent 0,1;2,0
[22:25:47 player] 2,0;0,0
[22:25:47 server] opponent 0,0;1,1
[22:25:47 player] 1,1;0,0
[22:25:47 server] opponent 0,0;0,0
[22:25:47 player] 0,1;2,2
[22:25:47 server] opponent 2,2;2,1
[22:25:47 player] 2,1;0,0
[22:25:47 server] opponent 1,0;0,2
[22:25:47 player] 0,2;1,0
[22:25:47 server] opponent 1,0;1,0
[22:25:47 player] 1,0;1,2
[22:25:47 server] opponent 1,2;2,1
[22:25:47 player] 2,1;0,1
[22:25:47 server] opponent 0,1;1,2
[22:25:47 player] 1,2;1,2
[22:25:47 server] opponent 1,2;2,0
[22:25:47 player] 2,0;0,2
[22:25:47 server] opponent 0,2;1,1
[22:25:47 player] 1,1;2,1
[22:25:47 server] opponent 2,1;2,2
[22:25:47 player] 2,2;0,2
[22:25:47 server] opponent 0,2;1,2
[22:25:47 player] 1,2;2,2
[22:25:47 server] opponent 2,1;1,2
[22:25:47 player] 1,2;0,0
[22:25:47 server] opponent 0,1;2,1
[22:25:47 player] 2,1;0,2
[22:25:47 server] opponent 0,2;2,1
[22:25:47 player] 1,0;2,2
[22:25:47 server] opponent 1,2;0,2
[22:25:47 player] 0,2;0,2
[22:25:47 server] opponent 0,2;0,0
[22:25:47 player] 1,0;1,1
[22:25:47 server] opponent 1,1;1,0
[22:25:47 player] 1,0;0,1
[22:25:47 server] opponent 0,1;1,0
[22:25:47 player] 1,0;0,0
[22:25:47 server] opponent 1,2;1,1
[22:25:47 player] 1,1;2,0
[22:25:47 server] opponent 2,0;1,1
[22:25:47 player] 1,1;1,2
[22:25:47 server] opponent 2,0;1,2
[22:25:47 player] 0,1;0,0
[22:25:47 server] opponent 1,1;0,2
[22:25:47 player] 0,2;0,1
[22:25:47 server] opponent 0,2;2,2
[22:25:47 player] 2,0;2,1
[22:25:47 server] opponent 2,0;0,1
[22:25:47 player] 1,1;0,1
[22:25:47 server] opponent 2,0;1,0
[22:25:47 player] 1,1;1,1
[22:25:47 server] init
[22:25:47 server] opponent 0,0;2,0
[22:25:47 player] 2,0;0,1
[22:25:47 server] opponent 0,1;1,0
[22:25:47 player] 1,0;0,2
[22:25:47 server] opponent 0,2;0,2
[22:25:47 player] 0,2;0,1
[22:25:47 server] opponent 0,1;2,2
[22:25:47 player] 2,2;0,0
[22:25:47 server] opponent 0,0;0,2
[22:25:47 player] 0,2;2,0
[22:25:47 server] opponent 2,0;1,0
[22:25:47 player] 1,0;2,0
[22:25:47 server] opponent 2,0;0,0
[22:25:47 player] 0,0;0,1
[22:25:47 server] opponent 0,1;0,1
[22:25:47 player] 0,1;2,1
[22:25:47 server] opponent 2,1;2,1
[22:25:47 player] 2,1;0,0
[22:25:47 server] opponent 0,0;2,2
[22:25:47 player] 2,2;0,1
[22:25:47 server] opponent 0,1;2,0
[22:25:47 player] 2,0;1,2
[22:25:47 server] opponent 1,2;1,2
[22:25:47 player] 1,2;1,0
[22:25:47 server] opponent 1,0;1,1
[22:25:47 player] 1,1;1,1
[22:25:47 server] opponent 1,1;2,2
[22:25:47 player] 2,2;0,2
[22:25:47 server] opponent 0,2;1,2
[22:25:47 player] 1,2;2,1
[22:25:47 server] opponent 2,1;2,0
[22:25:47 player] 2,0;2,1
[22:25:47 server] opponent 2,1;2,2
[22:25:47 player] 0,0;1,0
[22:25:47 server] opponent 1,0;2,2
[22:25:47 player] 0,0;1,1
[22:25:47 server] opponent 1,1;0,1
[22:25:47 player] 0,1;0,2
[22:25:47 server] opponent 0,2;0,0
[22:25:47 player] 0,0;1,2
[22:25:47 server] opponent 1,2;1,1
[22:25:47 player] 1,1;0,0
[22:25:47 server] opponent 1,2;0,2
[22:25:47 player] 0,2;1,1
[22:25:47 server] opponent 1,1;0,2
[22:25:47 player] 0,2;2,1
[22:25:47 server] opponent 1,2;0,1
[22:25:47 player] 0,1;1,1
[22:25:47 server] opponent 1,1;2,0
[22:25:47 player] 2,0;0,2
[22:25:47 server] opponent 1,1;1,0
[22:25:47 player] 1,0;0,0
[22:25:47 server] opponent 1,2;2,0
[22:25:47 player] 2,0;1,1
[22:25:47 server] opponent 1,1;2,1
[22:25:47 player] 0,1;0,0
[22:25:47 server] opponent 1,0;0,1
[22:25:47 player] 0,1;1,2
[22:25:47 server] opponent 1,0;1,2
[22:25:47 player] 1,0;1,0
[22:25:47 server] init
[22:25:47 server] move
[22:25:48 player] 0,0;0,1
[22:25:48 server] opponent 0,1;2,1
[22:25:48 player] 2,1;0,0
[22:25:48 server] opponent 0,0;1,0
[22:25:48 player] 1,0;1,1
[22:25:48 server] opponent 1,1;1,2
[22:25:48 player] 1,2;0,0
[22:25:48 server] opponent 0,0;2,0
[22:25:48 player] 2,0;0,0
[22:25:48 server] opponent 0,0;2,2
[22:25:48 player] 2,2;0,0
[22:25:48 server] opponent 0,0;1,2
[22:25:48 player] 1,2;1,2
[22:25:48 server] opponent 1,2;0,2
[22:25:48 player] 0,2;2,0
[22:25:48 server] opponent 2,0;1,1
[22:25:48 player] 1,1;0,2
[22:25:48 server] opponent 0,2;2,1
[22:25:48 player] 2,1;0,1
[22:25:48 server] opponent 0,1;1,2
[22:25:48 player] 1,2;2,0
[22:25:48 server] opponent 2,0;2,2
[22:25:48 player] 2,2;0,1
[22:25:48 server] opponent 0,1;2,0
[22:25:48 player] 2,0;1,2
[22:25:48 server] opponent 1,2;1,0
[22:25:48 player] 1,0;0,2
[22:25:48 server] opponent 0,2;0,0
[22:25:48 player] 0,0;1,1
[22:25:48 server] opponent 1,1;1,1
[22:25:48 player] 1,1;1,0
[22:25:48 server] opponent 1,0;1,2
[22:25:48 player] 1,2;1,1
[22:25:48 server] opponent 1,1;2,1
[22:25:48 player] 2,1;0,2
[22:25:48 server] opponent 0,2;1,2
[22:25:48 player] 1,2;2,1
[22:25:48 server] opponent 0,0;0,2
[22:25:48 player] 0,2;0,1
[22:25:48 server] opponent 0,1;2,2
[22:25:48 player] 2,2;0,2
[22:25:48 server] opponent 0,2;0,2
[22:25:48 player] 0,2;2,2
[22:25:48 server] opponent 2,0;2,0
[22:25:48 player] 2,0;0,1
[22:25:48 server] opponent 1,2;2,2
[22:25:48 player] 1,0;2,0
[22:25:48 server] opponent 2,0;0,2
[22:25:48 player] 0,2;1,1
[22:25:48 server] opponent 1,1;0,0
[22:25:48 player] 1,1;0,1
[22:25:48 server] opponent 1,2;0,1
[22:25:48 player] 1,1;2,0
[22:25:48 server] opponent 1,1;2,2
[22:25:48 player] 0,2;1,0
[22:25:48 server] init
[22:25:48 server] opponent 0,0;2,0
[22:25:49 player] 2,0;0,1
[22:25:49 server] opponent 0,1;0,0
[22:25:49 player] 0,0;0,1
[22:25:49 server] opponent 0,1;2,2
[22:25:49 player] 2,2;0,0
[22:25:49 server] opponent 0,0;0,2
[22:25:49 player] 0,2;2,0
[22:25:49 server] opponent 2,0;1,2
[22:25:49 player] 1,2;1,1
[22:25:49 server] opponent 1,1;1,2
[22:25:49 player] 1,2;2,1
[22:25:49 server] opponent 2,1;2,2
[22:25:49 player] 2,2;0,1
[22:25:49 server] opponent 0,1;2,0
[22:25:49 player] 2,0;0,0
[22:25:49 server] opponent 0,0;0,0
[22:25:49 player] 0,0;1,0
[22:25:49 server] opponent 1,0;1,0
[22:25:49 player] 1,0;1,1
[22:25:49 server] opponent 1,1;2,1
[22:25:49 player] 2,1;0,0
[22:25:49 server] opponent 0,0;1,2
[22:25:49 player] 1,2;0,1
[22:25:49 server] opponent 0,1;1,1
[22:25:49 player] 1,1;0,2
[22:25:49 server] opponent 0,2;1,0
[22:25:49 player] 1,0;1,2
[22:25:49 server] opponent 0,0;2,1
[22:25:49 player] 2,1;0,1
[22:25:49 server] opponent 0,0;2,2
[22:25:49 player] 2,2;0,2
[22:25:49 server] opponent 0,2;0,1
[22:25:49 player] 0,2;0,2
[22:25:49 server] opponent 0,2;2,2
[22:25:49 player] 1,0;0,1
[22:25:49 server] opponent 1,1;2,2
[22:25:49 player] 0,2;1,1
[22:25:49 server] init
[22:25:49 server] move
[22:25:49 player] 0,0;0,1
[22:25:49 server] opponent 0,1;1,0
[22:25:49 player] 1,0;1,2
[22:25:49 server] opponent 1,2;0,0
[22:25:49 player] 0,0;0,0
[22:25:49 server] opponent 0,0;0,2
[22:25:49 player] 0,2;2,0
[22:25:49 server] opponent 2,0;0,1
[22:25:49 player] 0,1;2,2
[22:25:49 server] opponent 2,2;2,0
[22:25:49 player] 2,0;0,0
[22:25:49 server] opponent 0,0;1,1
[22:25:49 player] 1,1;0,2
[22:25:49 server] opponent 0,2;0,1
[22:25:49 player] 0,1;2,1
[22:25:49 server] opponent 2,1;0,1
[22:25:49 player] 0,1;1,1
[22:25:49 server] opponent 1,1;1,0
[22:25:49 player] 1,0;2,1
[22:25:49 server] opponent 2,1;0,0
[22:25:49 player] 0,0;1,0
[22:25:49 server] opponent 1,0;1,1
[22:25:49 player] 1,1;1,1
[22:25:49 server] opponent 1,1;0,0
[22:25:49 player] 0,0;2,0
[22:25:49 server] opponent 2,0;1,0
[22:25:50 player] 1,0;2,2
[22:25:50 server] opponent 2,2;0,2
[22:25:50 player] 0,2;0,2
[22:25:50 server] opponent 0,2;1,1
[22:25:50 player] 1,1;2,0
[22:25:50 server] opponent 2,0;2,1
[22:25:50 player] 2,1;0,2
[22:25:50 server] opponent 0,2;1,2
[22:25:50 player] 1,2;2,0
[22:25:50 server] opponent 2,0;2,2
[22:25:50 player] 2,2;0,0
[22:25:50 server] opponent 2,1;2,1
[22:25:50 player] 2,1;1,0
[22:25:50 server] opponent 1,0;1,0
[22:25:50 player] 1,0;0,1
[22:25:50 server] opponent 0,1;0,2
[22:25:50 player] 0,2;2,1
[22:25:50 server] opponent 2,1;1,2
[22:25:50 player] 1,2;1,1
[22:25:50 server] opponent 2,2;2,1
[22:25:50 player] 2,1;1,1
[22:25:50 server] opponent 2,0;1,1
[22:25:50 player] 0,1;1,2
[22:25:50 server] opponent 1,2;0,2
[22:25:50 player] 0,2;0,0
[22:25:50 server] opponent 0,2;2,2
[22:25:50 player] 2,2;0,1
[22:25:50 server] opponent 0,1;0,0
[22:25:50 player] 0,1;2,0
[22:25:50 server] opponent 2,1;2,0
[22:25:50 player] 1,0;2,0
[22:25:50 server] opponent 1,2;1,2
[22:25:50 player] 1,2;1,0
[22:25:50 server] opponent 2,2;1,1
[22:25:50 player] 2,1;2,2
[22:25:50 server] opponent 1,2;2,2
[22:25:50 player] 0,2;1,0
[22:25:50 server] init
[22:25:50 server] opponent 0,0;0,0
[22:25:50 player] 0,0;0,1
[22:25:50 server] opponent 0,1;0,1
[22:25:50 player] 0,1;1,2
[22:25:50 server] opponent 1,2;0,0
[22:25:50 player] 0,0;1,0
[22:25:50 server] opponent 1,0;2,2
[22:25:50 player] 2,2;0,0
[22:25:50 server] opponent 0,0;0,2
[22:25:50 player] 0,2;2,0
[22:25:50 server] opponent 2,0;1,2
[22:25:50 player] 1,2;2,0
[22:25:50 server] opponent 2,0;0,1
[22:25:50 player] 0,1;1,1
[22:25:50 server] opponent 1,1;0,2
[22:25:50 player] 0,2;0,2
[22:25:50 server] opponent 0,2;2,1
[22:25:50 player] 2,1;0,0
[22:25:50 server] opponent 0,0;2,2
[22:25:50 player] 2,2;0,1
[22:25:50 server] opponent 0,1;1,0
[22:25:50 player] 1,0;1,1
[22:25:50 server] opponent 1,1;2,0
[22:25:50 player] 2,0;0,0
[22:25:50 server] opponent 0,0;1,2
[22:25:50 player] 1,2;2,1
[22:25:50 server] opponent 2,1;1,0
[22:25:50 player] 1,0;0,1
[22:25:50 server] opponent 0,1;2,2
[22:25:50 player] 2,2;0,2
[22:25:50 server] opponent 0,2;2,2
[22:25:50 player] 1,1;1,1
[22:25:50 server] opponent 1,1;1,0
[22:25:50 player] 1,0;1,2
[22:25:50 server] opponent 1,2;2,2
[22:25:50 player] 2,0;1,1
[22:25:50 server] opponent 1,1;2,1
[22:25:50 player] 2,1;0,1
[22:25:50 server] opponent 0,1;0,0
[22:25:50 player] 1,0;0,2
[22:25:50 server] opponent 0,2;0,0
[22:25:50 player] 1,0;2,0
[22:25:50 server] opponent 2,0;2,1
[22:25:50 player] 2,1;0,2
[22:25:50 server] opponent 0,2;1,1
[22:25:50 player] 1,1;2,2
[22:25:50 server] opponent 1,2;0,2
[22:25:50 player] 0,1;2,0
[22:25:50 server] opponent 2,0;0,2
[22:25:50 player] 1,2;1,1
[22:25:50 server] opponent 1,1;0,0
[22:25:50 player] 1,2;1,2
[22:25:50 server] opponent 1,2;0,1
[22:25:50 player] 0,1;2,1
[22:25:50 server] opponent 2,0;1,0
[22:25:50 player] 2,0;2,2
[22:25:50 server] init
[22:25:50 server] move
[22:25:51 player] 0,0;0,1
[22:25:51 server] opponent 0,1;1,0
[22:25:51 player] 1,0;1,2
[22:25:51 server] opponent 1,2;0,2
[22:25:51 player] 0,2;2,0
[22:25:51 server] opponent 2,0;1,2
[22:25:51 player] 1,2;1,1
[22:25:51 server] opponent 1,1;1,0
[22:25:51 player] 1,0;1,1
[22:25:51 server] opponent 1,1;1,2
[22:25:51 player] 1,2;0,0
[22:25:51 server] opponent 0,0;1,2
[22:25:51 player] 1,2;0,1
[22:25:51 server] opponent 0,1;2,1
[22:25:51 player] 2,1;0,0
[22:25:51 server] opponent 0,0;0,2
[22:25:51 player] 0,2;1,1
[22:25:51 server] opponent 1,1;0,1
[22:25:51 player] 0,1;1,1
[22:25:51 server] opponent 1,1;2,2
[22:25:51 player] 2,2;0,0
[22:25:51 server] opponent 0,0;0,0
[22:25:51 player] 0,0;2,0
[22:25:51 server] opponent 2,0;0,2
[22:25:51 player] 0,2;1,2
[22:25:51 server] opponent 1,2;2,2
[22:25:51 player] 2,2;0,1
[22:25:51 server] opponent 0,1;2,0
[22:25:51 player] 2,0;1,0
[22:25:51 server] opponent 1,0;2,2
[22:25:51 player] 2,2;0,2
[22:25:51 server] opponent 0,2;2,1
[22:25:51 player] 2,1;0,1
[22:25:51 server] opponent 0,1;0,0
[22:25:51 player] 0,0;2,1
[22:25:51 server] opponent 2,1;2,1
[22:25:51 player] 2,1;0,2
[22:25:51 server] opponent 0,2;0,1
[22:25:51 player] 1,0;2,1
[22:25:51 server] opponent 0,0;1,1
[22:25:51 player] 1,1;0,2
[22:25:51 server] opponent 0,2;0,2
[22:25:51 player] 0,2;1,0
[22:25:51 server] opponent 1,0;0,0
[22:25:51 player] 0,0;1,0
[22:25:51 server] opponent 1,0;0,1
[22:25:51 player] 1,2;2,0
[22:25:51 server] opponent 2,0;2,2
[22:25:51 player] 1,2;1,2
[22:25:51 server] opponent 1,2;2,1
[22:25:51 player] 1,0;1,0
[22:25:51 server] opponent 0,0;2,2
[22:25:51 player] 1,1;2,0
[22:25:51 server] opponent 1,1;2,1
[22:25:51 player] 1,1;1,1
[22:25:51 server] opponent 1,2;1,0
[22:25:51 server] init
[22:25:51 server] opponent 0,0;2,0
[22:25:52 player] 2,0;0,1
[22:25:52 server] opponent 0,1;1,0
[22:25:52 player] 1,0;0,2
[22:25:52 server] opponent 0,2;2,2
[22:25:52 player] 2,2;0,0
[22:25:52 server] opponent 0,0;0,0
[22:25:52 player] 0,0;0,1
[22:25:52 server] opponent 0,1;1,2
[22:25:52 player] 1,2;1,1
[22:25:52 server] opponent 1,1;0,0
[22:25:52 player] 0,0;1,1
[22:25:52 server] opponent 1,1;2,0
[22:25:52 player] 2,0;0,0
[22:25:52 server] opponent 0,0;0,2
[22:25:52 player] 0,2;2,0
[22:25:52 server] opponent 2,0;1,2
[22:25:52 player] 1,2;2,0
[22:25:52 server] opponent 2,0;2,1
[22:25:52 player] 2,1;0,0
[22:25:52 server] opponent 0,0;1,0
[22:25:52 player] 1,0;1,1
[22:25:52 server] opponent 1,1;2,1
[22:25:52 player] 2,1;0,1
[22:25:52 server] opponent 0,1;0,2
[22:25:52 player] 0,2;1,1
[22:25:52 server] opponent 1,1;1,2
[22:25:52 player] 1,2;0,2
[22:25:52 server] opponent 0,2;0,2
[22:25:52 player] 0,2;1,0
[22:25:52 server] opponent 1,0;1,0
[22:25:52 player] 1,0;1,2
[22:25:52 server] opponent 2,1;2,2
[22:25:52 player] 2,2;0,1
[22:25:52 server] opponent 0,1;2,0
[22:25:52 player] 2,0;0,2
[22:25:52 server] opponent 0,2;0,0
[22:25:52 player] 0,1;2,1
[22:25:52 server] opponent 2,1;1,0
[22:25:52 player] 1,0;0,1
[22:25:52 server] opponent 0,1;1,1
[22:25:52 player] 1,1;1,1
[22:25:52 server] opponent 1,1;0,2
[22:25:52 player] 0,2;2,1
[22:25:52 server] opponent 2,1;2,1
[22:25:52 player] 2,1;0,2
[22:25:52 server] opponent 0,2;0,1
[22:25:52 server] init
[22:25:52 server] move
[22:25:53 player] 0,0;0,1
[22:25:53 server] opponent 0,1;1,2
[22:25:53 player] 1,2;1,1
[22:25:53 server] opponent 1,1;2,1
[22:25:53 player] 2,1;0,0
[22:25:53 server] opponent 0,0;0,0
[22:25:53 player] 0,0;1,0
[22:25:53 server] opponent 1,0;1,2
[22:25:53 player] 1,2;2,0
[22:25:53 server] opponent 2,0;0,0
[22:25:53 player] 0,0;1,1
[22:25:53 server] opponent 1,1;0,2
[22:25:53 player] 0,2;2,0
[22:25:53 server] opponent 2,0;2,2
[22:25:53 player] 2,2;0,0
[22:25:53 server] opponent 0,0;0,2
[22:25:53 player] 0,2;2,1
[22:25:53 server] opponent 2,1;1,2
[22:25:53 player] 1,2;0,0
[22:25:53 server] opponent 0,0;1,2
[22:25:53 player] 1,2;1,0
[22:25:53 server] opponent 1,0;0,2
[22:25:53 player] 0,2;2,2
[22:25:53 server] opponent 2,2;1,1
[22:25:53 player] 1,1;1,1
[22:25:53 server] opponent 1,1;0,1
[22:25:53 player] 0,1;1,1
[22:25:53 server] opponent 1,1;0,0
[22:25:53 player] 0,0;2,0
[22:25:53 server] opponent 2,0;1,2
[22:25:53 player] 0,1;2,1
[22:25:53 server] opponent 2,1;0,1
[22:25:53 player] 0,1;0,1
[22:25:53 server] opponent 0,0;2,2
[22:25:53 player] 2,2;0,1
[22:25:53 server] opponent 1,0;0,0
[22:25:53 player] 1,0;1,1
[22:25:53 server] opponent 1,0;1,0
[22:25:53 player] 1,0;0,1
[22:25:53 server] opponent 1,0;2,0
[22:25:53 player] 2,0;0,1
[22:25:53 server] opponent 2,2;1,2
[22:25:53 player] 2,0;1,0
[22:25:53 server] opponent 2,2;2,2
[22:25:53 player] 2,2;0,2
[22:25:53 server] init
[22:25:53 server] opponent 0,0;0,2
[22:25:53 player] 0,2;2,0
[22:25:53 server] opponent 2,0;0,1
[22:25:53 player] 0,1;2,2
[22:25:53 server] opponent 2,2;2,1
[22:25:53 player] 2,1;0,0
[22:25:53 server] opponent 0,0;2,1
[22:25:53 player] 2,1;0,1
[22:25:53 server] opponent 0,1;1,1
[22:25:53 player] 1,1;1,1
[22:25:53 server] opponent 1,1;1,0
[22:25:53 player] 1,0;1,2
[22:25:53 server] opponent 1,2;2,0
[22:25:53 player] 2,0;0,0
[22:25:53 server] opponent 0,0;1,2
[22:25:53 player] 1,2;2,1
[22:25:53 server] opponent 2,1;0,2
[22:25:53 player] 0,2;0,0
[22:25:53 server] opponent 0,0;2,2
[22:25:53 player] 2,2;0,0
[22:25:53 server] opponent 1,1;0,1
[22:25:53 player] 0,1;2,1
[22:25:53 server] opponent 2,1;1,1
[22:25:53 player] 1,1;0,2
[22:25:53 server] opponent 0,2;2,1
[22:25:53 player] 2,1;1,0
[22:25:53 server] opponent 1,0;2,0
[22:25:53 player] 2,0;1,0
[22:25:53 server] opponent 1,0;0,2
[22:25:53 player] 0,2;2,2
[22:25:53 server] opponent 2,2;2,0
[22:25:53 player] 2,0;0,2
[22:25:53 server] opponent 0,2;1,1
[22:25:53 player] 1,1;0,0
[22:25:53 server] opponent 1,1;2,1
[22:25:53 player] 2,1;1,2
[22:25:53 server] opponent 1,2;2,2
[22:25:53 player] 2,2;0,1
[22:25:53 server] opponent 0,1;1,0
[22:25:53 player] 1,0;0,0
[22:25:53 server] opponent 0,1;1,2
[22:25:53 player] 1,2;0,0
[22:25:53 server] opponent 2,1;2,2
[22:25:53 player] 2,2;0,2
[22:25:53 server] opponent 0,2;1,0
[22:25:53 player] 1,0;1,0
[22:25:53 server] opponent 1,0;2,1
[22:25:53 player] 2,1;2,0
[22:25:53 server] opponent 2,0;2,1
[22:25:53 player] 1,1;1,2
[22:25:53 server] opponent 1,2;0,1
[22:25:53 player] 1,0;0,1
[22:25:53 server] opponent 1,0;2,2
[22:25:53 player] 2,0;1,1
[22:25:53 server] opponent 1,1;2,2
[22:25:53 player] 1,2;1,0
[22:25:53 server] opponent 1,2;0,2
[22:25:53 player] 0,2;1,2
[22:25:53 server] opponent 1,2;1,2
[22:25:53 player] 1,1;2,0
[22:25:53 server] opponent 2,0;2,0
[22:25:53 player] 2,0;1,2
[22:25:53 server] init
[22:25:53 server] move
[22:25:54 player] 0,0;0,1
[22:25:54 server] opponent 0,1;0,0
[22:25:54 player] 0,0;1,0
[22:25:54 server] opponent 1,0;1,0
[22:25:54 player] 1,0;1,2
[22:25:54 server] opponent 1,2;2,0
[22:25:54 player] 2,0;0,0
[22:25:54 server] opponent 0,0;1,1
[22:25:54 player] 1,1;1,1
[22:25:54 server] opponent 1,1;2,0
[22:25:54 player] 2,0;0,1
[22:25:54 server] opponent 0,1;1,1
[22:25:54 player] 1,1;0,2
[22:25:54 server] opponent 0,2;0,2
[22:25:54 player] 0,2;2,0
[22:25:54 server] opponent 2,0;1,0
[22:25:54 player] 1,0;2,1
[22:25:54 server] opponent 2,1;0,2
[22:25:54 player] 0,2;2,1
[22:25:54 server] opponent 2,1;1,2
[22:25:54 player] 1,2;0,0
[22:25:54 server] opponent 0,0;0,2
[22:25:54 player] 0,2;2,2
[22:25:54 server] opponent 2,2;1,2
[22:25:54 player] 1,2;0,1
[22:25:54 server] opponent 0,1;0,1
[22:25:54 player] 0,1;1,2
[22:25:54 server] opponent 1,2;1,2
[22:25:54 player] 1,2;2,1
[22:25:54 server] opponent 2,1;2,1
[22:25:54 player] 2,1;0,0
[22:25:54 server] opponent 0,0;0,0
[22:25:54 player] 0,0;2,0
[22:25:54 server] opponent 2,0;1,2
[22:25:54 player] 1,2;1,1
[22:25:54 server] opponent 1,1;0,0
[22:25:54 player] 0,0;1,2
[22:25:54 server] opponent 0,0;2,1
[22:25:54 player] 2,1;0,1
[22:25:54 server] opponent 0,1;2,2
[22:25:54 player] 2,2;0,0
[22:25:54 server] opponent 0,0;2,2
[22:25:54 player] 2,2;0,1
[22:25:54 server] opponent 2,1;1,0
[22:25:54 player] 1,0;1,1
[22:25:54 server] opponent 1,1;1,0
[22:25:54 player] 1,0;0,2
[22:25:54 server] opponent 2,2;1,0
[22:25:54 player] 1,0;0,1
[22:25:54 server] opponent 2,1;2,2
[22:25:54 server] init
[22:25:54 server] opponent 0,0;0,2
[22:25:55 player] 0,2;2,0
[22:25:55 server] opponent 2,0;0,1
[22:25:55 player] 0,1;2,2
[22:25:55 server] opponent 2,2;1,0
[22:25:55 player] 1,0;2,0
[22:25:55 server] opponent 2,0;0,2
[22:25:55 player] 0,2;1,2
[22:25:55 server] opponent 1,2;0,1
[22:25:55 player] 0,1;1,1
[22:25:55 server] opponent 1,1;1,1
[22:25:55 player] 1,1;2,1
[22:25:55 server] opponent 2,1;2,2
[22:25:55 player] 2,2;0,0
[22:25:55 server] opponent 0,0;0,0
[22:25:55 player] 0,0;0,1
[22:25:55 server] opponent 0,1;2,1
[22:25:55 player] 2,1;0,0
[22:25:55 server] opponent 0,0;1,0
[22:25:55 player] 1,0;1,1
[22:25:55 server] opponent 1,1;0,0
[22:25:55 player] 0,0;2,0
[22:25:55 server] opponent 2,0;1,0
[22:25:55 player] 1,0;1,0
[22:25:55 server] opponent 1,0;0,1
[22:25:55 player] 0,1;0,1
[22:25:55 server] opponent 0,1;1,2
[22:25:55 player] 1,2;2,0
[22:25:55 server] opponent 2,0;0,0
[22:25:55 player] 0,0;1,2
[22:25:55 server] opponent 1,2;2,1
[22:25:55 player] 2,1;0,1
[22:25:55 server] opponent 0,1;0,2
[22:25:55 player] 0,2;1,1
[22:25:55 server] opponent 1,1;1,2
[22:25:55 player] 1,2;0,0
[22:25:55 server] opponent 0,0;1,1
[22:25:55 player] 1,1;2,2
[22:25:55 server] opponent 2,2;1,1
[22:25:55 player] 1,1;0,2
[22:25:55 server] opponent 0,2;1,0
[22:25:55 player] 1,0;1,2
[22:25:55 server] opponent 1,2;1,2
[22:25:55 player] 1,2;2,2
[22:25:55 server] opponent 2,2;0,1
[22:25:55 player] 0,1;1,0
[22:25:55 server] opponent 0,0;2,1
[22:25:55 player] 2,1;0,2
[22:25:55 server] opponent 0,2;2,1
[22:25:55 player] 1,1;0,1
[22:25:55 server] opponent 0,1;2,0
[22:25:55 player] 0,2;0,0
[22:25:55 server] opponent 0,0;2,2
[22:25:55 player] 2,2;0,2
[22:25:55 server] opponent 0,2;0,2
[22:25:55 player] 0,2;2,2
[22:25:55 server] opponent 2,2;2,2
[22:25:55 player] 2,2;1,2
[22:25:55 server] opponent 1,2;0,2
[22:25:55 player] 0,1;0,0
[22:25:55 server] opponent 2,2;2,1
[22:25:55 player] 1,2;1,1
[22:25:55 server] opponent 1,1;2,0
[22:25:55 player] 1,1;1,0
