[22:27:27 server] init
[22:27:27 server] opponent 0,0;1,2
[22:27:29 player] 1,2;2,1
[22:27:29 server] opponent 2,1;1,2
[22:27:29 player] 1,2;2,2
[22:27:29 server] opponent 2,2;0,2
[22:27:29 player] 0,2;1,1
[22:27:29 server] opponent 1,1;0,0
[22:27:29 player] 0,0;0,2
[22:27:29 server] opponent 0,2;1,2
[22:27:29 player] 1,2;0,0
[22:27:29 server] opponent 0,0;2,2
[22:27:29 player] 2,2;0,0
[22:27:29 server] opponent 0,0;0,1
[22:27:29 player] 0,1;2,0
[22:27:29 server] opponent 2,0;2,2
[22:27:29 player] 2,2;0,1
[22:27:29 server] opponent 0,1;1,2
[22:27:29 player] 1,2;0,2
[22:27:29 server] opponent 0,2;2,1
[22:27:29 player] 2,1;0,0
[22:27:29 server] opponent 0,0;2,0
[22:27:29 player] 2,0;1,2
[22:27:29 server] opponent 1,2;2,0
[22:27:29 player] 2,0;0,1
[22:27:29 server] opponent 0,1;2,1
[22:27:29 player] 2,1;0,1
[22:27:29 server] opponent 0,1;2,2
[22:27:29 player] 2,2;1,0
[22:27:29 server] opponent 1,0;2,1
[22:27:29 player] 2,1;0,2
[22:27:29 server] opponent 0,2;2,2
[22:27:29 player] 2,2;1,1
[22:27:29 server] opponent 1,1;2,1
[22:27:29 player] 0,1;1,1
[22:27:29 server] opponent 1,1;1,2
[22:27:29 player] 1,2;1,0
[22:27:29 server] opponent 1,0;2,2
[22:27:29 player] 2,2;1,2
[22:27:29 server] opponent 1,2;0,1
[22:27:29 player] 0,1;0,1
[22:27:29 server] opponent 0,1;0,0
[22:27:29 player] 0,0;0,0
[22:27:29 server] opponent 0,0;1,1
[22:27:29 player] 1,1;0,2
[22:27:29 server] opponent 0,2;2,0
[22:27:29 player] 2,0;0,0
[22:27:29 server] opponent 0,0;2,1
[22:27:29 player] 1,0;1,1
[22:27:29 server] opponent 1,1;1,0
[22:27:29 player] 1,0;0,0
[22:27:29 server] opponent 1,0;1,0
[22:27:29 player] 1,0;0,1
[22:27:29 server] opponent 0,1;1,0
[22:27:29 player] 1,0;0,2
[22:27:29 server] opponent 1,2;1,2
[22:27:29 player] 1,2;1,1
[22:27:29 server] opponent 1,1;1,1
[22:27:29 player] 2,0;1,1
[22:27:29 server] opponent 2,0;0,2
[22:27:29 player] 2,0;2,1
[22:27:29 server] init
[22:27:29 server] move
[22:27:29 player] 0,0;0,1
[22:27:29 server] opponent 0,1;0,1
[22:27:29 player] 0,1;1,1
[22:27:29 server] opponent 1,1;1,1
[22:27:29 player] 1,1;1,0
[22:27:29 server] opponent 1,0;2,2
[22:27:29 player] 2,2;0,0
[22:27:29 server] opponent 0,0;2,1
[22:27:29 player] 2,1;0,0
[22:27:29 server] opponent 0,0;2,0
[22:27:29 player] 2,0;0,0
[22:27:29 server] opponent 0,0;2,2
[22:27:29 player] 2,2;0,1
[22:27:29 server] opponent 0,1;0,2
[22:27:29 player] 0,2;0,2
[22:27:29 server] opponent 0,2;2,2
[22:27:29 player] 2,2;0,2
[22:27:29 server] opponent 0,2;2,0
[22:27:29 player] 2,0;0,1
[22:27:29 server] opponent 0,1;1,0
[22:27:29 player] 1,0;1,2
[22:27:29 server] opponent 1,2;2,0
[22:27:29 player] 2,0;1,2
[22:27:29 server] opponent 1,2;0,2
[22:27:29 player] 0,2;2,1
[22:27:29 server] opponent 2,1;2,1
[22:27:29 player] 2,1;0,1
[22:27:29 server] opponent 0,1;1,2
[22:27:29 player] 1,2;2,1
[22:27:29 server] opponent 2,1;1,2
[22:27:29 player] 1,2;1,1
[22:27:29 server] opponent 1,1;2,2
[22:27:29 player] 0,2;1,1
[22:27:29 server] opponent 1,1;0,1
[22:27:29 player] 0,1;0,0
[22:27:29 server] opponent 1,2;2,2
[22:27:29 player] 0,2;1,0
[22:27:29 server] opponent 1,0;0,1
[22:27:29 player] 0,1;2,0
[22:27:29 server] opponent 2,0;2,1
[22:27:29 player] 2,1;0,2
[22:27:29 server] opponent 0,2;1,2
[22:27:29 player] 1,2;0,0
[22:27:29 server] opponent 0,2;0,1
[22:27:30 player] 0,1;2,2
[22:27:30 server] opponent 0,2;0,0
[22:27:30 player] 1,0;1,1
[22:27:30 server] opponent 1,1;2,1
[22:27:30 player] 1,0;2,0
[22:27:30 server] opponent 2,0;2,0
[22:27:30 player] 2,0;0,2
[22:27:30 server] init
[22:27:30 server] opponent 0,0;0,1
[22:27:30 player] 0,1;1,1
[22:27:30 server] opponent 1,1;2,1
[22:27:30 player] 2,1;0,0
[22:27:30 server] opponent 0,0;1,2
[22:27:30 player] 1,2;0,0
[22:27:30 server] opponent 0,0;1,1
[22:27:30 player] 1,1;1,0
[22:27:30 server] opponent 1,0;0,1
[22:27:30 player] 0,1;2,2
[22:27:30 server] opponent 2,2;1,2
[22:27:30 player] 1,2;1,1
[22:27:30 server] opponent 1,1;1,2
[22:27:30 player] 1,2;0,2
[22:27:30 server] opponent 0,2;2,2
[22:27:30 player] 2,2;0,0
[22:27:30 server] opponent 0,0;2,2
[22:27:30 player] 2,2;0,1
[22:27:30 server] opponent 0,1;0,1
[22:27:30 player] 0,1;0,2
[22:27:30 server] opponent 0,2;1,0
[22:27:30 player] 1,0;1,1
[22:27:30 server] opponent 1,1;0,1
[22:27:30 player] 0,1;2,1
[22:27:30 server] opponent 2,1;2,0
[22:27:30 player] 2,0;0,2
[22:27:30 server] opponent 0,2;0,0
[22:27:30 player] 0,0;2,0
[22:27:30 server] opponent 2,0;2,1
[22:27:30 player] 2,1;0,1
[22:27:30 server] opponent 0,1;0,0
[22:27:30 player] 0,0;2,1
[22:27:30 server] opponent 2,1;2,2
[22:27:30 player] 2,2;0,2
[22:27:30 server] opponent 0,2;1,1
[22:27:30 player] 1,1;0,0
[22:27:30 server] opponent 0,0;0,0
[22:27:30 player] 0,1;1,2
[22:27:30 server] opponent 1,2;1,2
[22:27:30 player] 1,2;2,1
[22:27:30 server] opponent 2,1;1,1
[22:27:30 player] 1,1;0,2
[22:27:30 server] opponent 1,1;2,2
[22:27:30 player] 1,0;1,0
[22:27:30 server] opponent 1,0;0,2
[22:27:30 player] 1,1;1,1
[22:27:30 server] opponent 1,1;2,0
[22:27:30 player] 2,0;1,1
[22:27:30 server] opponent 2,1;0,2
[22:27:30 player] 1,0;0,0
[22:27:30 server] opponent 1,0;2,1
[22:27:30 player] 1,0;2,0
[22:27:30 server] opponent 2,0;0,1
[22:27:30 player] 1,2;2,2
[22:27:30 server] opponent 2,0;1,0
[22:27:30 player] 2,0;0,0
[22:27:30 server] opponent 2,0;1,2
[22:27:30 player] 2,0;2,0
[22:27:30 server] init
[22:27:30 server] move
[22:27:30 player] 0,0;0,1
[22:27:30 server] opponent 0,1;1,0
[22:27:30 player] 1,0;1,2
[22:27:30 server] opponent 1,2;0,0
[22:27:30 player] 0,0;0,0
[22:27:30 server] opponent 0,0;0,2
[22:27:30 player] 0,2;2,0
[22:27:30 server] opponent 2,0;1,2
[22:27:30 player] 1,2;1,1
[22:27:30 server] opponent 1,1;0,1
[22:27:30 player] 0,1;1,1
[22:27:30 server] opponent 1,1;1,2
[22:27:30 player] 1,2;2,1
[22:27:30 server] opponent 2,1;0,1
[22:27:30 player] 0,1;1,2
[22:27:30 server] opponent 1,2;0,1
[22:27:30 player] 0,1;2,1
[22:27:30 server] opponent 2,1;1,2
[22:27:30 player] 1,2;2,0
[22:27:30 server] opponent 2,0;0,2
[22:27:30 player] 0,2;1,0
[22:27:30 server] opponent 1,0;1,0
[22:27:30 player] 1,0;1,1
[22:27:30 server] opponent 1,1;0,0
[22:27:30 player] 0,0;2,0
[22:27:30 server] opponent 2,0;0,1
[22:27:30 player] 0,1;0,1
[22:27:30 server] opponent 0,0;2,2
[22:27:30 player] 2,2;0,0
[22:27:30 server] opponent 0,0;1,2
[22:27:30 player] 1,2;2,2
[22:27:30 server] opponent 2,2;0,1
[22:27:30 player] 0,2;0,0
[22:27:30 server] opponent 1,0;2,2
[22:27:30 player] 2,2;0,2
[22:27:30 server] opponent 2,0;2,2
[22:27:30 player] 2,2;1,0
[22:27:30 server] opponent 1,0;0,1
[22:27:30 player] 1,0;0,2
[22:27:30 server] opponent 1,1;1,0
[22:27:30 player] 1,0;0,0
[22:27:30 server] opponent 1,1;0,2
[22:27:30 player] 2,1;0,0
[22:27:30 server] opponent 1,0;2,0
[22:27:30 player] 2,1;0,2
[22:27:30 server] opponent 2,1;1,0
[22:27:30 player] 1,0;2,1
[22:27:30 server] opponent 2,1;2,2
[22:27:30 player] 2,2;1,1
[22:27:30 server] opponent 2,1;2,0
[22:27:30 player] 2,1;1,1
[22:27:30 server] opponent 2,2;1,2
[22:27:30 player] 2,1;2,1
[22:27:30 server] opponent 2,2;2,1
[22:27:30 player] 2,2;2,0
[22:27:30 server] init
[22:27:30 server] opponent 0,0;2,2
[22:27:31 player] 2,2;0,0
[22:27:31 server] opponent 0,0;0,0
[22:27:31 player] 0,0;0,1
[22:27:31 server] opponent 0,1;1,1
[22:27:31 player] 1,1;1,1
[22:27:31 server] opponent 1,1;1,0
[22:27:31 player] 1,0;2,1
[22:27:31 server] opponent 2,1;2,2
[22:27:31 player] 2,2;0,1
[22:27:31 server] opponent 0,1;2,1
[22:27:31 player] 2,1;0,0
[22:27:31 server] opponent 0,0;2,0
[22:27:31 player] 2,0;0,1
[22:27:31 server] opponent 0,1;1,2
[22:27:31 player] 1,2;0,0
[22:27:31 server] opponent 0,0;2,1
[22:27:31 player] 2,1;0,1
[22:27:31 server] opponent 0,1;1,0
[22:27:31 player] 1,0;1,0
[22:27:31 server] opponent 1,0;0,2
[22:27:31 player] 0,2;2,0
[22:27:31 server] opponent 2,0;2,1
[22:27:31 player] 2,1;0,2
[22:27:31 server] opponent 0,2;1,2
[22:27:31 player] 1,2;1,2
[22:27:31 server] opponent 1,2;2,2
[22:27:31 player] 2,2;0,2
[22:27:31 server] opponent 0,2;1,0
[22:27:31 player] 1,0;2,2
[22:27:31 server] opponent 1,0;0,1
[22:27:31 player] 0,2;0,2
[22:27:31 server] opponent 0,2;0,1
[22:27:31 player] 1,2;2,0
[22:27:31 server] opponent 2,0;1,0
[22:27:31 player] 1,0;1,1
[22:27:31 server] opponent 1,1;2,0
[22:27:31 player] 2,0;1,1
[22:27:31 server] opponent 1,1;2,2
[22:27:31 player] 1,0;0,0
[22:27:31 server] opponent 1,1;0,0
[22:27:31 player] 0,2;1,1
[22:27:31 server] opponent 1,2;1,1
[22:27:31 player] 2,0;0,0
[22:27:31 server] opponent 1,2;1,0
[22:27:31 player] 2,0;0,2
[22:27:31 server] init
[22:27:31 server] move
[22:27:31 player] 0,0;0,1
[22:27:31 server] opponent 0,1;0,2
[22:27:31 player] 0,2;2,0
[22:27:31 server] opponent 2,0;0,2
[22:27:31 player] 0,2;2,1
[22:27:31 server] opponent 2,1;0,0
[22:27:31 player] 0,0;0,0
[22:27:31 server] opponent 0,0;2,0
[22:27:31 player] 2,0;2,1
[22:27:31 server] opponent 2,1;2,2
[22:27:31 player] 2,2;0,0
[22:27:31 server] opponent 0,0;0,2
[22:27:31 player] 0,2;1,2
[22:27:31 server] opponent 1,2;0,2
[22:27:31 player] 0,2;1,1
[22:27:31 server] opponent 1,1;0,0
[22:27:31 player] 0,0;1,0
[22:27:31 server] opponent 1,0;2,2
[22:27:31 player] 2,2;0,1
[22:27:31 server] opponent 0,1;0,1
[22:27:31 player] 0,1;2,1
[22:27:31 server] opponent 2,1;2,1
[22:27:31 player] 2,1;0,1
[22:27:31 server] opponent 0,1;0,0
[22:27:31 player] 0,0;1,2
[22:27:31 server] opponent 1,2;2,0
[22:27:31 player] 2,0;1,1
[22:27:31 server] opponent 1,1;2,0
[22:27:31 player] 2,0;1,2
[22:27:31 server] opponent 1,2;1,0
[22:27:31 player] 1,0;0,2
[22:27:31 server] opponent 0,2;1,0
[22:27:31 player] 1,0;1,2
[22:27:31 server] opponent 1,2;0,1
[22:27:31 player] 0,2;0,2
[22:27:31 server] opponent 0,0;1,1
[22:27:31 player] 1,1;2,1
[22:27:31 server] opponent 2,1;2,0
[22:27:31 player] 2,0;2,2
[22:27:31 server] opponent 2,2;2,0
[22:27:31 player] 2,0;0,0
[22:27:31 server] opponent 1,2;2,2
[22:27:31 player] 2,2;0,2
[22:27:31 server] opponent 1,0;0,0
[22:27:31 player] 1,0;2,1
[22:27:31 server] opponent 1,1;1,2
[22:27:31 player] 1,2;0,0
[22:27:31 server] opponent 1,0;2,0
[22:27:31 player] 1,0;1,0
[22:27:31 server] opponent 1,0;0,1
[22:27:31 player] 1,0;1,1
[22:27:31 server] opponent 1,1;1,1
[22:27:31 player] 1,1;2,2
[22:27:31 server] opponent 1,2;1,2
[22:27:31 player] 1,1;1,0
[22:27:31 server] opponent 1,1;0,2
[22:27:31 server] init
[22:27:31 server] opponent 0,0;2,0
[22:27:32 player] 2,0;0,1
[22:27:32 server] opponent 0,1;0,0
[22:27:32 player] 0,0;0,1
[22:27:32 server] opponent 0,1;2,2
[22:27:32 player] 2,2;0,0
[22:27:32 server] opponent 0,0;2,1
[22:27:32 player] 2,1;0,0
[22:27:32 server] opponent 0,0;1,2
[22:27:32 player] 1,2;1,1
[22:27:32 server] opponent 1,1;1,2
[22:27:32 player] 1,2;1,0
[22:27:32 server] opponent 1,0;0,1
[22:27:32 player] 0,1;2,1
[22:27:32 server] opponent 2,1;0,1
[22:27:32 player] 0,1;1,1
[22:27:32 server] opponent 1,1;2,0
[22:27:32 player] 2,0;0,0
[22:27:32 server] opponent 0,0;0,0
[22:27:32 player] 0,0;1,1
[22:27:32 server] opponent 1,1;0,0
[22:27:32 player] 0,0;2,2
[22:27:32 server] opponent 2,2;1,0
[22:27:32 player] 1,0;1,1
[22:27:32 server] opponent 1,1;2,1
[22:27:32 player] 2,1;0,2
[22:27:32 server] opponent 0,2;0,0
[22:27:32 player] 0,0;0,2
[22:27:32 server] opponent 0,2;1,1
[22:27:32 player] 1,1;1,1
[22:27:32 server] opponent 1,1;0,1
[22:27:32 player] 0,1;2,0
[22:27:32 server] opponent 2,0;2,1
[22:27:32 player] 2,1;1,0
[22:27:32 server] opponent 1,0;0,0
[22:27:32 player] 0,0;1,0
[22:27:32 server] opponent 1,0;1,2
[22:27:32 player] 1,2;2,1
[22:27:32 server] opponent 2,1;2,0
[22:27:32 player] 2,0;1,1
[22:27:32 server] opponent 1,1;1,0
[22:27:32 player] 1,0;2,0
[22:27:32 server] opponent 2,0;1,2
[22:27:32 player] 1,2;0,0
[22:27:32 server] opponent 1,0;0,2
[22:27:32 player] 0,2;1,0
[22:27:32 server] opponent 1,2;0,1
[22:27:32 player] 0,1;1,0
[22:27:32 server] opponent 2,0;2,0
[22:27:32 player] 2,0;1,0
[22:27:32 server] opponent 0,2;1,2
[22:27:32 player] 1,2;0,2
[22:27:32 server] opponent 0,2;2,2
[22:27:32 player] 2,2;0,1
[22:27:32 server] opponent 0,1;0,1
[22:27:32 player] 0,1;1,2
[22:27:32 server] opponent 1,2;2,0
[22:27:32 player] 2,0;0,2
[22:27:32 server] opponent 2,1;1,2
[22:27:32 player] 1,2;1,2
[22:27:32 server] opponent 2,2;1,1
[22:27:32 player] 2,1;1,1
[22:27:32 server] opponent 2,1;2,2
[22:27:32 player] 2,2;0,2
[22:27:32 server] opponent 2,1;2,1
[22:27:32 server] init
[22:27:32 server] move
[22:27:32 player] 0,0;0,1
[22:27:32 server] opponent 0,1;2,0
[22:27:32 player] 2,0;1,2
[22:27:32 server] opponent 1,2;0,0
[22:27:32 player] 0,0;0,2
[22:27:32 server] opponent 0,2;0,0
[22:27:32 player] 0,0;0,0
[22:27:32 server] opponent 2,1;0,0
[22:27:32 player] 0,1;2,1
[22:27:32 server] opponent 2,1;1,1
[22:27:32 player] 1,1;0,0
[22:27:32 server] opponent 1,0;2,0
[22:27:32 player] 2,0;1,0
[22:27:32 server] opponent 1,0;0,1
[22:27:32 player] 0,1;2,2
[22:27:32 server] opponent 2,2;2,1
[22:27:32 player] 2,1;0,1
[22:27:32 server] opponent 0,1;1,0
[22:27:32 player] 1,0;1,2
[22:27:32 server] opponent 1,2;2,2
[22:27:32 player] 2,2;0,0
[22:27:32 server] opponent 0,2;2,2
[22:27:32 player] 2,2;0,1
[22:27:32 server] opponent 0,1;0,0
[22:27:32 player] 1,1;0,2
[22:27:32 server] opponent 0,2;1,0
[22:27:32 player] 1,0;1,1
[22:27:32 server] opponent 1,1;2,0
[22:27:32 player] 2,0;0,2
[22:27:32 server] opponent 0,2;1,2
[22:27:32 player] 1,2;2,1
[22:27:32 server] opponent 2,1;2,1
[22:27:32 player] 2,1;0,2
[22:27:32 server] opponent 0,2;1,1
[22:27:32 player] 1,1;1,1
[22:27:32 server] opponent 1,1;1,0
[22:27:32 player] 1,0;0,2
[22:27:32 server] opponent 2,2;1,2
[22:27:32 player] 1,2;0,2
[22:27:32 server] opponent 2,0;0,0
[22:27:32 player] 1,0;1,0
[22:27:32 server] opponent 2,0;2,1
[22:27:32 player] 2,1;1,0
[22:27:32 server] opponent 1,2;1,2
[22:27:32 player] 1,2;0,1
[22:27:32 server] opponent 1,2;1,0
[22:27:32 player] 1,1;0,1
[22:27:32 server] opponent 2,0;2,2
[22:27:32 player] 2,2;0,2
[22:27:32 server] init
[22:27:32 server] opponent 0,0;1,1
[22:27:33 player] 1,1;0,0
[22:27:33 server] opponent 0,0;2,2
[22:27:33 player] 2,2;0,0
[22:27:33 server] opponent 0,0;0,2
[22:27:33 player] 0,2;0,2
[22:27:33 server] opponent 0,2;1,0
[22:27:33 player] 1,0;2,2
[22:27:33 server] opponent 2,2;1,2
[22:27:33 player] 1,2;1,2
[22:27:33 server] opponent 1,2;2,2
[22:27:33 player] 2,2;0,1
[22:27:33 server] opponent 0,1;2,1
[22:27:33 player] 2,1;0,0
[22:27:33 server] opponent 0,0;0,0
[22:27:33 player] 0,1;1,1
[22:27:33 server] opponent 1,1;1,0
[22:27:33 player] 1,0;2,1
[22:27:33 server] opponent 2,1;1,2
[22:27:33 player] 1,2;2,0
[22:27:33 server] opponent 2,0;2,2
[22:27:33 player] 2,2;0,2
[22:27:33 server] opponent 0,2;2,0
[22:27:33 player] 2,0;1,0
[22:27:33 server] opponent 1,0;0,1
[22:27:33 player] 0,1;1,2
[22:27:33 server] opponent 1,2;0,0
[22:27:33 player] 1,0;1,0
[22:27:33 server] opponent 1,0;0,0
[22:27:33 player] 1,1;0,2
[22:27:33 server] opponent 0,2;0,0
[22:27:33 player] 0,1;2,2
[22:27:33 server] opponent 1,0;0,2
[22:27:33 player] 0,1;1,0
[22:27:33 server] opponent 2,1;1,0
[22:27:33 player] 1,1;0,1
[22:27:33 server] opponent 2,0;2,0
[22:27:33 player] 2,0;1,2
[22:27:33 server] opponent 1,2;1,1
[22:27:33 player] 2,0;0,0
[22:27:33 server] opponent 2,1;1,1
[22:27:33 player] 2,0;1,1
[22:27:33 server] init
[22:27:33 server] move
[22:27:33 player] 0,0;0,1
[22:27:33 server] opponent 0,1;0,2
[22:27:33 player] 0,2;2,0
[22:27:33 server] opponent 2,0;1,2
[22:27:33 player] 1,2;1,1
[22:27:33 server] opponent 1,1;0,0
[22:27:33 player] 0,0;1,1
[22:27:33 server] opponent 1,1;1,0
[22:27:33 player] 1,0;1,2
[22:27:33 server] opponent 1,2;1,2
[22:27:33 player] 1,2;0,0
[22:27:33 server] opponent 0,0;2,0
[22:27:33 player] 2,0;0,1
[22:27:33 server] opponent 0,1;2,1
[22:27:33 player] 2,1;0,0
[22:27:33 server] opponent 0,0;0,2
[22:27:33 player] 0,2;0,0
[22:27:33 server] opponent 0,0;0,0
[22:27:33 player] 0,0;1,0
[22:27:33 server] opponent 1,0;1,1
[22:27:33 player] 1,1;0,2
[22:27:33 server] opponent 0,2;1,2
[22:27:33 player] 1,2;2,1
[22:27:33 server] opponent 2,1;2,0
[22:27:33 player] 2,0;1,1
[22:27:33 server] opponent 1,1;1,1
[22:27:33 player] 1,1;2,0
[22:27:33 server] opponent 2,0;2,2
[22:27:33 player] 2,2;0,0
[22:27:33 server] opponent 0,0;1,2
[22:27:33 player] 1,2;0,2
[22:27:33 server] opponent 0,2;0,1
[22:27:33 player] 0,1;1,1
[22:27:33 server] opponent 1,1;2,1
[22:27:33 player] 2,1;0,1
[22:27:33 server] opponent 0,1;0,0
[22:27:33 player] 0,0;2,1
[22:27:33 server] opponent 2,1;2,2
[22:27:33 player] 2,2;0,1
[22:27:33 server] opponent 0,1;0,1
[22:27:33 player] 1,0;0,2
[22:27:33 server] opponent 0,2;0,2
[22:27:33 player] 0,2;2,1
[22:27:33 server] opponent 2,1;0,2
[22:27:33 player] 0,2;2,2
[22:27:33 server] opponent 2,2;2,0
[22:27:33 player] 2,0;0,0
[22:27:33 server] opponent 1,2;2,2
[22:27:33 player] 2,2;0,2
[22:27:33 server] opponent 2,0;2,0
[22:27:33 player] 2,0;1,0
[22:27:33 server] opponent 1,0;0,0
[22:27:33 player] 1,0;2,1
[22:27:33 server] opponent 2,1;1,2
[22:27:33 player] 1,2;0,1
[22:27:33 server] init
[22:27:33 server] opponent 0,0;1,2
[22:27:34 player] 1,2;2,1
[22:27:34 server] opponent 2,1;2,0
[22:27:34 player] 2,0;0,1
[22:27:34 server] opponent 0,1;2,1
[22:27:34 player] 2,1;0,0
[22:27:34 server] opponent 0,0;1,0
[22:27:34 player] 1,0;2,1
[22:27:34 server] opponent 2,1;1,1
[22:27:34 player] 1,1;0,2
[22:27:34 server] opponent 0,2;0,1
[22:27:34 player] 0,1;2,2
[22:27:34 server] opponent 2,2;0,1
[22:27:34 player] 0,1;1,2
[22:27:34 server] opponent 1,2;2,2
[22:27:34 player] 2,2;0,0
[22:27:34 server] opponent 0,0;2,1
[22:27:34 player] 2,1;0,1
[22:27:34 server] opponent 0,1;1,0
[22:27:34 player] 1,0;0,2
[22:27:34 server] opponent 0,2;2,2
[22:27:34 player] 2,2;0,2
[22:27:34 server] opponent 0,2;2,1
[22:27:34 player] 2,1;0,2
[22:27:34 server] opponent 0,2;0,2
[22:27:34 player] 0,2;0,0
[22:27:34 server] opponent 0,0;0,0
[22:27:34 player] 0,0;1,1
[22:27:34 server] opponent 1,1;1,2
[22:27:34 player] 1,2;1,2
[22:27:34 server] opponent 1,2;0,1
[22:27:34 player] 0,1;0,2
[22:27:34 server] opponent 0,2;1,0
[22:27:34 player] 1,0;1,1
[22:27:34 server] opponent 1,1;0,1
[22:27:34 player] 2,0;0,0
[22:27:34 server] opponent 0,0;0,2
[22:27:34 player] 0,2;2,0
[22:27:34 server] opponent 2,0;1,0
[22:27:34 player] 1,0;1,2
[22:27:34 server] opponent 1,2;0,0
[22:27:34 player] 0,0;0,1
[22:27:34 server] opponent 0,0;2,2
[22:27:34 player] 2,2;1,0
[22:27:34 server] opponent 1,0;2,0
[22:27:34 player] 2,0;1,2
[22:27:34 server] opponent 1,2;2,0
[22:27:34 player] 2,0;0,2
[22:27:34 server] opponent 0,2;1,1
[22:27:34 player] 1,1;1,1
[22:27:34 server] opponent 1,1;2,2
[22:27:34 player] 2,2;1,1
[22:27:34 server] opponent 1,1;1,0
[22:27:34 player] 1,0;0,1
[22:27:34 server] opponent 1,2;1,0
[22:27:34 player] 1,1;2,0
[22:27:34 server] init
[22:27:34 server] move
[22:27:34 player] 0,0;0,1
[22:27:34 server] opponent 0,1;0,1
[22:27:34 player] 0,1;1,1
[22:27:34 server] opponent 1,1;1,1
[22:27:34 player] 1,1;1,0
[22:27:34 server] opponent 1,0;0,1
[22:27:34 player] 0,1;2,2
[22:27:34 server] opponent 2,2;0,0
[22:27:34 player] 0,0;1,1
[22:27:34 server] opponent 1,1;0,0
[22:27:34 player] 0,0;0,0
[22:27:34 server] opponent 0,0;2,1
[22:27:34 player] 2,1;0,0
[22:27:34 server] opponent 0,0;1,0
[22:27:34 player] 1,0;2,2
[22:27:34 server] opponent 2,2;2,2
[22:27:34 player] 2,2;0,1
[22:27:34 server] opponent 0,1;1,2
[22:27:34 player] 1,2;1,0
[22:27:34 server] opponent 1,0;0,2
[22:27:34 player] 0,2;2,0
[22:27:34 server] opponent 2,0;0,2
[22:27:34 player] 0,2;2,1
[22:27:34 server] opponent 2,1;1,0
[22:27:34 player] 1,0;1,2
[22:27:34 server] opponent 1,2;2,2
[22:27:34 player] 2,2;0,2
[22:27:34 server] opponent 0,2;1,0
[22:27:34 player] 1,0;1,1
[22:27:34 server] opponent 1,1;2,2
[22:27:34 player] 2,2;1,0
[22:27:34 server] opponent 1,0;2,1
[22:27:34 player] 2,1;0,1
[22:27:34 server] opponent 0,1;1,0
[22:27:34 player] 1,0;0,0
[22:27:34 server] opponent 0,0;1,2
[22:27:34 player] 1,2;0,0
[22:27:34 server] opponent 0,0;0,2
[22:27:34 player] 0,2;0,2
[22:27:34 server] opponent 0,2;1,2
[22:27:34 player] 1,2;1,1
[22:27:34 server] opponent 0,0;2,0
[22:27:34 player] 2,0;0,1
[22:27:34 server] opponent 0,1;0,0
[22:27:34 player] 0,0;2,2
[22:27:34 server] opponent 2,2;2,0
[22:27:34 player] 2,0;1,1
[22:27:34 server] opponent 0,2;1,1
[22:27:34 player] 0,1;2,0
[22:27:34 server] opponent 2,0;1,2
[22:27:34 player] 1,2;2,0
[22:27:34 server] opponent 2,0;1,0
[22:27:34 player] 0,1;2,1
[22:27:34 server] opponent 2,1;2,0
[22:27:34 player] 2,0;0,0
[22:27:34 server] opponent 2,2;2,1
[22:27:34 player] 2,1;0,2
[22:27:34 server] opponent 2,0;2,1
[22:27:34 player] 2,0;2,2
[22:27:34 server] init
[22:27:34 server] opponent 0,0;1,2
[22:27:35 player] 1,2;2,1
[22:27:35 server] opponent 2,1;0,0
[22:27:35 player] 0,0;0,0
[22:27:35 server] opponent 0,0;0,1
[22:27:35 player] 0,1;1,1
[22:27:35 server] opponent 1,1;2,1
[22:27:35 player] 2,1;0,1
[22:27:35 server] opponent 0,1;1,0
[22:27:35 player] 1,0;1,1
[22:27:35 server] opponent 1,1;2,0
[22:27:35 player] 2,0;0,1
[22:27:35 server] opponent 0,1;0,2
[22:27:35 player] 0,2;2,0
[22:27:35 server] opponent 2,0;0,2
[22:27:35 player] 0,2;2,1
[22:27:35 server] opponent 2,1;1,1
[22:27:35 player] 1,1;1,0
[22:27:35 server] opponent 1,0;2,0
[22:27:35 player] 2,0;1,1
[22:27:35 server] opponent 1,1;0,2
[22:27:35 player] 0,2;2,2
[22:27:35 server] opponent 2,2;1,0
[22:27:35 player] 1,0;1,2
[22:27:35 server] opponent 1,2;0,0
[22:27:35 player] 0,0;1,0
[22:27:35 server] opponent 1,0;1,0
[22:27:35 player] 1,0;2,2
[22:27:35 server] opponent 2,2;2,1
[22:27:35 player] 2,1;0,2
[22:27:35 server] opponent 0,0;2,1
[22:27:35 player] 2,1;1,0
[22:27:35 server] opponent 1,0;2,1
[22:27:35 player] 2,1;1,2
[22:27:35 server] opponent 1,2;2,0
[22:27:35 player] 2,0;1,2
[22:27:35 server] opponent 1,2;1,2
[22:27:35 player] 1,2;1,1
[22:27:35 server] opponent 1,1;2,2
[22:27:35 player] 2,2;0,0
[22:27:35 server] opponent 0,0;2,2
[22:27:35 player] 2,2;0,1
[22:27:35 server] opponent 0,1;2,0
[22:27:35 player] 2,0;0,0
[22:27:35 server] opponent 0,0;0,2
[22:27:35 player] 0,1;2,1
[22:27:35 server] opponent 2,1;2,2
[22:27:35 player] 2,2;0,2
[22:27:35 server] opponent 2,0;1,0
[22:27:35 player] 1,0;0,1
[22:27:35 server] opponent 0,1;1,2
[22:27:35 player] 1,2;0,2
[22:27:35 server] opponent 1,0;0,2
[22:27:35 player] 1,2;2,2
[22:27:35 server] opponent 1,0;0,0
[22:27:35 player] 0,1;0,1
[22:27:35 server] opponent 2,0;2,0
[22:27:35 player] 2,0;2,1
[22:27:35 server] opponent 1,2;0,1
[22:27:35 player] 1,2;1,0
[22:27:35 server] init
[22:27:35 server] move
[22:27:35 player] 0,0;0,1
[22:27:35 server] opponent 0,1;0,2
[22:27:35 player] 0,2;2,0
[22:27:35 server] opponent 2,0;0,0
[22:27:35 player] 0,0;1,0
[22:27:35 server] opponent 1,0;2,2
[22:27:35 player] 2,2;0,0
[22:27:35 server] opponent 0,0;0,2
[22:27:35 player] 0,2;0,2
[22:27:35 server] opponent 0,2;1,1
[22:27:35 player] 1,1;0,0
[22:27:35 server] opponent 0,0;2,2
[22:27:35 player] 2,2;0,1
[22:27:35 server] opponent 0,1;2,2
[22:27:35 player] 2,2;0,2
[22:27:35 server] opponent 0,2;2,1
[22:27:35 player] 2,1;0,0
[22:27:35 server] opponent 0,0;2,0
[22:27:35 player] 2,0;0,2
[22:27:35 server] opponent 0,2;0,1
[22:27:35 player] 0,1;2,1
[22:27:35 server] opponent 2,1;0,1
[22:27:35 player] 0,1;0,0
[22:27:35 server] opponent 0,0;2,1
[22:27:35 player] 2,1;0,2
[22:27:35 server] opponent 1,2;2,2
[22:27:35 player] 1,0;2,0
[22:27:35 server] opponent 2,0;2,1
[22:27:35 player] 2,1;1,0
[22:27:35 server] opponent 1,0;0,2
[22:27:35 player] 0,1;1,2
[22:27:35 server] opponent 1,2;1,0
[22:27:35 player] 1,0;1,0
[22:27:35 server] opponent 1,0;0,1
[22:27:35 player] 0,1;2,0
[22:27:35 server] opponent 2,0;1,2
[22:27:35 player] 1,2;0,2
[22:27:35 server] opponent 1,1;1,0
[22:27:35 player] 1,0;0,0
[22:27:35 server] opponent 0,1;0,1
[22:27:35 player] 0,1;1,0
[22:27:35 server] opponent 1,2;2,1
[22:27:35 player] 2,1;1,1
[22:27:35 server] opponent 1,1;2,0
[22:27:35 player] 2,0;0,1
[22:27:35 server] opponent 1,2;1,1
[22:27:35 player] 1,1;1,1
[22:27:35 server] opponent 1,1;0,2
[22:27:35 player] 1,2;1,2
[22:27:35 server] opponent 1,2;2,0
[22:27:35 player] 2,0;2,2
[22:27:35 server] opponent 2,1;2,0
[22:27:35 player] 2,0;1,1
[22:27:35 server] opponent 1,1;2,2
[22:27:35 player] 1,1;1,2
[22:27:35 server] opponent 1,1;2,1
[22:27:35 player] 2,1;1,2
[22:27:35 server] opponent 2,0;2,0
[22:27:35 player] 2,0;1,0
[22:27:35 server] init
[22:27:35 server] opponent 0,0;0,2
[22:27:36 player] 0,2;2,0
[22:27:36 server] opponent 2,0;0,0
[22:27:36 player] 0,0;0,1
[22:27:36 server] opponent 0,1;2,1
[22:27:36 player] 2,1;0,0
[22:27:36 server] opponent 0,0;2,0
[22:27:36 player] 2,0;2,1
[22:27:36 server] opponent 2,1;2,1
[22:27:36 player] 2,1;0,1
[22:27:36 server] opponent 0,1;2,2
[22:27:36 player] 2,2;0,0
[22:27:36 server] opponent 0,0;1,1
[22:27:36 player] 1,1;0,2
[22:27:36 server] opponent 0,2;1,0
[22:27:36 player] 1,0;2,0
[22:27:36 server] opponent 2,0;2,0
[22:27:36 player] 2,0;0,2
[22:27:36 server] opponent 0,2;0,0
[22:27:36 player] 0,1;1,1
[22:27:36 server] opponent 1,1;1,2
[22:27:36 player] 1,2;2,1
[22:27:36 server] opponent 2,1;1,0
[22:27:36 player] 1,0;1,1
[22:27:36 server] opponent 1,1;0,1
[22:27:36 player] 0,1;0,1
[22:27:36 server] opponent 0,1;0,2
[22:27:36 player] 0,2;2,1
[22:27:36 server] opponent 2,1;2,0
[22:27:36 player] 2,0;1,1
[22:27:36 server] opponent 1,1;2,2
[22:27:36 player] 2,2;0,1
[22:27:36 server] opponent 0,1;1,2
[22:27:36 player] 1,2;2,0
[22:27:36 server] opponent 2,0;0,1
[22:27:36 player] 1,0;0,2
[22:27:36 server] opponent 0,2;1,2
[22:27:36 player] 1,2;0,1
[22:27:36 server] opponent 2,1;0,2
[22:27:36 player] 0,2;0,2
[22:27:36 server] opponent 0,2;1,1
[22:27:36 server] init
[22:27:36 server] move
[22:27:36 player] 0,0;0,1
[22:27:36 server] opponent 0,1;2,0
[22:27:36 player] 2,0;1,2
[22:27:36 server] opponent 1,2;1,1
[22:27:36 player] 1,1;0,0
[22:27:36 server] opponent 0,0;2,2
[22:27:36 player] 2,2;0,0
[22:27:36 server] opponent 0,0;0,0
[22:27:36 player] 0,0;0,2
[22:27:36 server] opponent 0,2;1,0
[22:27:36 player] 1,0;1,1
[22:27:36 server] opponent 1,1;1,0
[22:27:36 player] 1,0;1,2
[22:27:36 server] opponent 1,2;2,2
[22:27:36 player] 2,2;0,1
[22:27:36 server] opponent 0,1;0,0
[22:27:36 player] 0,0;1,0
[22:27:36 server] opponent 1,0;0,1
[22:27:36 player] 0,1;1,0
[22:27:36 server] opponent 1,0;0,2
[22:27:36 player] 0,2;1,1
[22:27:36 server] opponent 1,1;0,1
[22:27:36 player] 0,1;1,1
[22:27:36 server] opponent 1,1;2,2
[22:27:36 player] 2,2;0,2
[22:27:36 server] opponent 0,2;0,2
[22:27:36 player] 0,2;1,2
[22:27:36 server] opponent 1,2;0,2
[22:27:36 player] 0,2;2,0
[22:27:36 server] opponent 2,0;0,1
[22:27:36 player] 0,1;2,2
[22:27:36 server] opponent 0,0;1,1
[22:27:36 player] 1,1;2,0
[22:27:36 server] opponent 2,0;0,2
[22:27:36 player] 0,2;0,0
[22:27:36 server] opponent 0,2;2,1
[22:27:36 player] 2,1;0,0
[22:27:36 server] opponent 1,2;0,0
[22:27:36 player] 0,1;0,2
[22:27:36 server] opponent 0,2;0,1
[22:27:36 player] 0,1;0,1
[22:27:36 server] opponent 0,1;1,2
[22:27:36 player] 1,0;2,1
[22:27:36 server] opponent 2,1;0,2
[22:27:36 player] 0,2;2,2
[22:27:36 server] opponent 1,0;0,0
[22:27:36 player] 1,1;0,2
[22:27:36 server] opponent 2,1;0,1
[22:27:36 player] 0,1;2,1
[22:27:36 server] opponent 2,1;2,0
[22:27:36 player] 2,0;0,0
[22:27:36 server] opponent 2,1;2,2
[22:27:36 player] 2,0;2,0
[22:27:36 server] opponent 2,0;2,1
[22:27:36 player] 2,1;1,0
[22:27:36 server] opponent 2,1;1,2
[22:27:36 player] 2,0;1,1
[22:27:36 server] opponent 1,1;2,1
[22:27:36 player] 1,1;1,1
[22:27:36 server] opponent 2,0;1,0
[22:27:36 player] 2,0;2,2
[22:27:36 server] init
[22:27:36 server] opponent 0,0;0,2
[22:27:37 player] 0,2;2,0
[22:27:37 server] opponent 2,0;1,2
[22:27:37 player] 1,2;2,2
[22:27:37 server] opponent 2,2;0,0
[22:27:37 player] 0,0;0,1
[22:27:37 server] opponent 0,1;1,2
[22:27:37 player] 1,2;2,1
[22:27:37 server] opponent 2,1;1,2
[22:27:37 player] 1,2;1,1
[22:27:37 server] opponent 1,1;1,0
[22:27:37 player] 1,0;1,2
[22:27:37 server] opponent 1,2;0,2
[22:27:37 player] 0,2;0,2
[22:27:37 server] opponent 0,2;2,2
[22:27:37 player] 2,2;0,1
[22:27:37 server] opponent 0,1;0,2
[22:27:37 player] 0,2;2,1
[22:27:37 server] opponent 2,1;2,0
[22:27:37 player] 2,0;0,1
[22:27:37 server] opponent 0,1;1,1
[22:27:37 player] 1,1;1,1
[22:27:37 server] opponent 1,1;1,2
[22:27:37 player] 1,2;0,0
[22:27:37 server] opponent 0,0;2,1
[22:27:37 player] 2,1;0,0
[22:27:37 server] opponent 0,0;1,0
[22:27:37 player] 1,0;1,1
[22:27:37 server] opponent 1,1;0,0
[22:27:37 player] 0,0;2,0
[22:27:37 server] opponent 2,0;2,1
[22:27:37 player] 2,1;0,1
[22:27:37 server] opponent 0,1;0,1
[22:27:37 player] 0,1;1,0
[22:27:37 server] opponent 1,0;2,0
[22:27:37 player] 2,0;0,0
[22:27:37 server] opponent 0,0;1,1
[22:27:37 player] 1,1;2,0
[22:27:37 server] opponent 2,0;2,2
[22:27:37 player] 2,2;0,2
[22:27:37 server] opponent 0,2;0,0
[22:27:37 player] 0,0;0,0
[22:27:37 server] opponent 0,0;2,2
[22:27:37 player] 2,2;1,0
[22:27:37 server] opponent 1,0;0,1
[22:27:37 player] 0,1;2,2
[22:27:37 server] opponent 2,2;2,2
[22:27:37 player] 2,2;1,1
[22:27:37 server] opponent 1,1;2,2
[22:27:37 player] 2,2;1,2
[22:27:37 server] opponent 0,0;1,2
[22:27:37 player] 1,1;0,2
[22:27:37 server] opponent 0,2;1,2
[22:27:37 player] 2,0;1,1
[22:27:37 server] opponent 1,0;2,1
[22:27:37 player] 2,1;0,2
[22:27:37 server] opponent 0,2;1,0
[22:27:37 player] 1,0;0,2
[22:27:37 server] opponent 0,2;1,1
[22:27:37 player] 0,1;0,0
[22:27:37 server] opponent 2,0;2,0
[22:27:37 player] 0,1;2,1
[22:27:37 server] opponent 1,0;1,0
[22:27:37 player] 1,0;0,0
[22:27:37 server] opponent 0,1;2,0
[22:27:37 server] init
[22:27:37 server] move
[22:27:38 player] 0,0;0,1
[22:27:38 server] opponent 0,1;1,2
[22:27:38 player] 1,2;1,1
[22:27:38 server] opponent 1,1;2,0
[22:27:38 player] 2,0;0,0
[22:27:38 server] opponent 0,0;1,1
[22:27:38 player] 1,1;1,1
[22:27:38 server] opponent 1,1;2,1
[22:27:38 player] 2,1;0,0
[22:27:38 server] opponent 0,0;0,2
[22:27:38 player] 0,2;0,1
[22:27:38 server] opponent 0,1;2,0
[22:27:38 player] 2,0;0,2
[22:27:38 server] opponent 0,2;1,1
[22:27:38 player] 1,1;0,0
[22:27:38 server] opponent 0,0;0,0
[22:27:38 player] 0,0;1,0
[22:27:38 server] opponent 1,0;2,2
[22:27:38 player] 2,2;0,0
[22:27:38 server] opponent 0,0;2,0
[22:27:38 player] 2,0;2,1
[22:27:38 server] opponent 2,1;1,0
[22:27:38 player] 1,0;1,1
[22:27:38 server] opponent 1,1;0,2
[22:27:38 player] 0,2;0,2
[22:27:38 server] opponent 0,2;0,0
[22:27:38 player] 1,0;1,2
[22:27:38 server] opponent 1,2;2,0
[22:27:38 player] 2,0;2,2
[22:27:38 server] opponent 2,2;2,2
[22:27:38 player] 2,2;0,1
[22:27:38 server] opponent 0,1;2,2
[22:27:38 player] 2,2;0,2
[22:27:38 server] opponent 0,2;2,0
[22:27:38 player] 2,0;1,1
[22:27:38 server] opponent 1,1;1,0
[22:27:38 player] 1,0;0,0
[22:27:38 server] opponent 2,1;0,2
[22:27:38 player] 0,2;1,2
[22:27:38 server] opponent 1,2;1,2
[22:27:38 player] 1,2;0,0
[22:27:38 server] opponent 0,2;2,2
[22:27:38 player] 0,1;0,0
[22:27:38 server] opponent 0,1;0,2
[22:27:38 server] init
[22:27:38 server] opponent 0,0;0,0
[22:27:38 player] 0,0;0,1
[22:27:38 server] opponent 0,1;2,0
[22:27:38 player] 2,0;0,0
[22:27:38 server] opponent 0,0;0,2
[22:27:38 player] 0,2;1,1
[22:27:38 server] opponent 1,1;1,0
[22:27:38 player] 1,0;1,1
[22:27:38 server] opponent 1,1;1,2
[22:27:38 player] 1,2;2,1
[22:27:38 server] opponent 2,1;1,1
[22:27:38 player] 1,1;0,0
[22:27:38 server] opponent 0,0;2,1
[22:27:38 player] 2,1;0,0
[22:27:38 server] opponent 0,0;1,1
[22:27:38 player] 1,1;0,1
[22:27:38 server] opponent 0,1;2,1
[22:27:38 player] 2,1;0,1
[22:27:38 server] opponent 0,1;0,0
[22:27:38 player] 0,0;1,0
[22:27:38 server] opponent 1,0;0,2
[22:27:38 player] 0,2;2,0
[22:27:38 server] opponent 2,0;1,2
[22:27:38 player] 1,2;1,2
[22:27:38 server] opponent 1,2;2,2
[22:27:38 player] 2,2;0,0
[22:27:38 server] opponent 0,0;1,2
[22:27:38 player] 1,2;0,2
[22:27:38 server] opponent 0,2;0,0
[22:27:38 player] 0,0;2,2
[22:27:38 server] opponent 2,2;2,2
[22:27:38 player] 2,2;0,1
[22:27:38 server] opponent 0,1;0,1
[22:27:38 player] 0,1;1,2
[22:27:38 server] opponent 1,2;1,0
[22:27:38 player] 1,0;1,2
[22:27:38 server] opponent 1,2;0,1
[22:27:38 player] 0,1;1,0
[22:27:38 server] opponent 1,0;1,0
[22:27:38 player] 1,0;0,0
[22:27:38 server] opponent 0,0;2,0
[22:27:38 player] 2,0;0,2
[22:27:38 server] opponent 0,2;0,1
[22:27:38 player] 0,1;2,2
[22:27:38 server] opponent 2,2;0,2
[22:27:38 player] 0,2;1,2
[22:27:38 server] opponent 1,2;0,0
[22:27:38 player] 1,1;0,2
[22:27:38 server] opponent 0,2;1,0
[22:27:38 player] 1,0;2,0
[22:27:38 server] opponent 2,0;2,1
[22:27:38 player] 2,1;0,2
[22:27:38 server] opponent 0,2;2,2
[22:27:38 player] 2,2;1,0
[22:27:38 server] opponent 1,0;0,1
[22:27:38 player] 0,1;0,2
[22:27:38 server] init
[22:27:38 server] move
[22:27:39 player] 0,0;0,1
[22:27:39 server] opponent 0,1;2,2
[22:27:39 player] 2,2;0,0
[22:27:39 server] opponent 0,0;1,2
[22:27:39 player] 1,2;1,1
[22:27:39 server] opponent 1,1;1,2
[22:27:39 player] 1,2;2,1
[22:27:39 server] opponent 2,1;2,2
[22:27:39 player] 2,2;0,1
[22:27:39 server] opponent 0,1;0,2
[22:27:39 player] 0,2;2,0
[22:27:39 server] opponent 2,0;0,1
[22:27:39 player] 0,1;1,0
[22:27:39 server] opponent 1,0;0,1
[22:27:39 player] 0,1;1,2
[22:27:39 server] opponent 1,2;0,1
[22:27:39 player] 0,1;2,1
[22:27:39 server] opponent 2,1;1,2
[22:27:39 player] 1,2;1,0
[22:27:39 server] opponent 1,0;2,2
[22:27:39 player] 2,2;0,2
[22:27:39 server] opponent 0,2;2,1
[22:27:39 player] 2,1;0,0
[22:27:39 server] opponent 0,0;1,0
[22:27:39 player] 1,0;1,2
[22:27:39 server] opponent 1,2;0,2
[22:27:39 player] 0,2;2,2
[22:27:39 server] opponent 0,0;1,1
[22:27:39 player] 1,1;0,2
[22:27:39 server] opponent 0,2;1,0
[22:27:39 player] 1,0;2,0
[22:27:39 server] opponent 2,0;1,2
[22:27:39 player] 1,2;0,0
[22:27:39 server] opponent 0,2;1,1
[22:27:39 player] 1,1;0,0
[22:27:39 server] opponent 2,0;2,1
[22:27:39 player] 2,1;0,1
[22:27:39 server] opponent 0,1;1,1
[22:27:39 player] 1,1;0,1
[22:27:39 server] opponent 0,1;0,0
[22:27:39 player] 0,2;0,2
[22:27:39 server] opponent 0,2;0,1
[22:27:39 server] init
[22:27:39 server] opponent 0,0;0,0
[22:27:40 player] 0,0;0,1
[22:27:40 server] opponent 0,1;2,0
[22:27:40 player] 2,0;0,0
[22:27:40 server] opponent 0,0;2,1
[22:27:40 player] 2,1;0,0
[22:27:40 server] opponent 0,0;1,0
[22:27:40 player] 1,0;1,1
[22:27:40 server] opponent 1,1;2,0
[22:27:40 player] 2,0;1,1
[22:27:40 server] opponent 1,1;2,1
[22:27:40 player] 2,1;0,1
[22:27:40 server] opponent 0,1;1,1
[22:27:40 player] 1,1;2,2
[22:27:40 server] opponent 2,2;2,2
[22:27:40 player] 2,2;0,0
[22:27:40 server] opponent 0,0;2,0
[22:27:40 player] 2,0;0,1
[22:27:40 server] opponent 0,1;1,2
[22:27:40 player] 1,2;0,1
[22:27:40 server] opponent 0,1;0,2
[22:27:40 player] 0,2;2,0
[22:27:40 server] opponent 2,0;0,2
[22:27:40 player] 0,2;2,1
[22:27:40 server] opponent 2,1;0,2
[22:27:40 player] 0,2;2,2
[22:27:40 server] opponent 2,2;2,0
[22:27:40 player] 2,0;1,2
[22:27:40 server] opponent 1,2;1,0
[22:27:40 player] 1,0;2,2
[22:27:40 server] opponent 2,2;1,1
[22:27:40 player] 1,1;0,2
[22:27:40 server] opponent 1,2;1,2
[22:27:40 player] 1,2;2,2
[22:27:40 server] opponent 2,2;1,2
[22:27:40 player] 1,2;2,0
[22:27:40 server] opponent 2,0;2,0
[22:27:40 player] 2,0;2,1
[22:27:40 server] opponent 2,1;1,2
[22:27:40 player] 1,2;0,0
[22:27:40 server] opponent 2,2;0,1
[22:27:40 player] 1,1;1,1
[22:27:40 server] opponent 1,1;0,0
[22:27:40 player] 1,0;0,2
[22:27:40 server] opponent 1,2;0,2
[22:27:40 player] 1,0;1,0
[22:27:40 server] opponent 1,0;2,0
[22:27:40 player] 1,1;0,1
[22:27:40 server] opponent 1,2;1,1
[22:27:40 player] 1,1;1,0
[22:27:40 server] opponent 1,0;0,0
[22:27:40 player] 1,0;0,1
[22:27:40 server] opponent 2,2;1,0
[22:27:40 player] 1,0;1,2
[22:27:40 server] opponent 2,1;1,1
[22:27:40 player] 1,1;1,2
[22:27:40 server] init
[22:27:40 server] move
[22:27:40 player] 0,0;0,1
[22:27:40 server] opponent 0,1;2,0
[22:27:40 player] 2,0;1,2
[22:27:40 server] opponent 1,2;2,1
[22:27:40 player] 2,1;0,0
[22:27:40 server] opponent 0,0;0,2
[22:27:40 player] 0,2;1,1
[22:27:40 server] opponent 1,1;0,1
[22:27:40 player] 0,1;2,1
[22:27:40 server] opponent 2,1;2,1
[22:27:40 player] 2,1;0,1
[22:27:40 server] opponent 0,1;0,2
[22:27:40 player] 0,2;2,0
[22:27:40 server] opponent 2,0;0,2
[22:27:40 player] 0,2;0,2
[22:27:40 server] opponent 0,0;1,0
[22:27:40 player] 1,0;1,2
[22:27:40 server] opponent 1,2;0,0
[22:27:40 player] 0,0;2,0
[22:27:40 server] opponent 2,0;2,1
[22:27:40 player] 2,1;0,2
[22:27:40 server] opponent 0,0;1,2
[22:27:40 player] 1,2;2,2
[22:27:40 server] opponent 2,2;1,2
[22:27:40 player] 1,2;0,2
[22:27:40 server] opponent 0,0;0,0
[22:27:40 player] 0,0;1,1
[22:27:40 server] opponent 1,1;1,1
[22:27:40 player] 1,1;0,0
[22:27:40 server] opponent 0,0;2,2
[22:27:40 player] 2,2;0,0
[22:27:40 server] opponent 2,0;0,0
[22:27:40 player] 0,1;1,1
[22:27:40 server] opponent 1,1;2,1
[22:27:40 player] 1,0;1,1
[22:27:40 server] opponent 1,2;1,1
[22:27:40 player] 0,1;0,1
[22:27:40 server] opponent 2,0;1,0
[22:27:40 player] 1,0;0,1
[22:27:40 server] opponent 1,2;2,0
[22:27:40 player] 2,0;2,2
[22:27:40 server] opponent 2,2;2,2
[22:27:40 player] 2,2;0,1
[22:27:40 server] opponent 2,2;1,1
[22:27:40 player] 1,0;2,1
[22:27:40 server] opponent 2,0;2,0
[22:27:40 player] 1,2;1,2
[22:27:40 server] opponent 2,2;2,0
[22:27:40 player] 2,2;0,2
[22:27:40 server] init
[22:27:40 server] opponent 0,0;1,2
[22:27:41 player] 1,2;2,1
[22:27:41 server] opponent 2,1;1,2
[22:27:41 player] 1,2;2,2
[22:27:41 server] opponent 2,2;2,2
[22:27:41 player] 2,2;0,0
[22:27:41 server] opponent 0,0;0,0
[22:27:41 player] 0,0;0,1
[22:27:41 server] opponent 0,1;0,1
[22:27:41 player] 0,1;1,2
[22:27:41 server] opponent 1,2;2,0
[22:27:41 player] 2,0;0,1
[22:27:41 server] opponent 0,1;2,1
[22:27:41 player] 2,1;0,0
[22:27:41 server] opponent 0,0;2,2
[22:27:41 player] 2,2;0,1
[22:27:41 server] opponent 0,1;1,1
[22:27:41 player] 1,1;0,2
[22:27:41 server] opponent 0,2;2,1
[22:27:41 player] 2,1;0,1
[22:27:41 server] opponent 0,0;1,0
[22:27:41 player] 1,0;1,0
[22:27:41 server] opponent 1,0;2,1
[22:27:41 player] 2,1;0,2
[22:27:41 server] opponent 0,2;1,0
[22:27:41 player] 1,0;2,2
[22:27:41 server] opponent 2,2;2,1
[22:27:41 player] 0,2;0,2
[22:27:41 server] opponent 0,2;2,0
[22:27:41 player] 2,0;1,1
[22:27:41 server] opponent 1,1;2,2
[22:27:41 player] 2,2;0,2
[22:27:41 server] opponent 0,2;1,2
[22:27:41 player] 1,2;1,2
[22:27:41 server] opponent 1,2;0,0
[22:27:41 player] 0,0;2,0
[22:27:41 server] opponent 2,0;2,0
[22:27:41 player] 2,0;0,0
[22:27:41 server] opponent 0,0;0,2
[22:27:41 player] 0,2;2,2
[22:27:41 server] opponent 1,0;2,0
[22:27:41 player] 2,0;1,0
[22:27:41 server] opponent 1,0;1,1
[22:27:41 player] 1,1;1,1
[22:27:41 server] opponent 1,1;1,0
[22:27:41 player] 1,0;1,2
[22:27:41 server] opponent 1,2;0,1
[22:27:41 player] 1,0;0,0
[22:27:41 server] opponent 2,0;2,2
[22:27:41 player] 1,1;2,0
[22:27:41 server] opponent 2,0;1,2
[22:27:41 player] 1,2;1,0
[22:27:41 server] opponent 1,0;0,2
[22:27:41 player] 0,2;0,1
[22:27:41 server] opponent 1,2;1,1
[22:27:41 player] 0,2;1,1
[22:27:41 server] opponent 1,2;0,2
[22:27:41 player] 0,2;0,0
[22:27:41 server] opponent 2,0;2,1
[22:27:41 server] init
[22:27:41 server] move
[22:27:42 player] 0,0;0,1
[22:27:42 server] opponent 0,1;2,2
[22:27:42 player] 2,2;0,0
[22:27:42 server] opponent 0,0;0,2
[22:27:42 player] 0,2;0,2
[22:27:42 server] opponent 0,2;1,1
[22:27:42 player] 1,1;1,1
[22:27:42 server] opponent 1,1;2,2
[22:27:42 player] 2,2;0,1
[22:27:42 server] opponent 0,1;1,2
[22:27:42 player] 1,2;1,0
[22:27:42 server] opponent 1,0;0,0
[22:27:42 player] 0,0;0,0
[22:27:42 server] opponent 0,0;2,0
[22:27:42 player] 2,0;0,0
[22:27:42 server] opponent 0,0;1,0
[22:27:42 player] 1,0;2,0
[22:27:42 server] opponent 2,0;2,1
[22:27:42 player] 2,1;0,0
[22:27:42 server] opponent 0,0;2,1
[22:27:42 player] 2,1;0,1
[22:27:42 server] opponent 0,1;1,1
[22:27:42 player] 1,1;1,0
[22:27:42 server] opponent 1,0;1,0
[22:27:42 player] 1,0;1,1
[22:27:42 server] opponent 1,1;1,2
[22:27:42 player] 1,2;0,0
[22:27:42 server] opponent 0,0;1,2
[22:27:42 player] 1,2;1,1
[22:27:42 server] opponent 1,1;2,1
[22:27:42 player] 2,1;0,2
[22:27:42 server] opponent 0,2;0,1
[22:27:42 player] 0,1;2,0
[22:27:42 server] opponent 2,0;1,2
[22:27:42 player] 1,2;2,1
[22:27:42 server] opponent 0,0;1,1
[22:27:42 player] 1,1;0,2
[22:27:42 server] opponent 0,2;1,2
[22:27:42 player] 1,2;0,1
[22:27:42 server] opponent 0,1;0,0
[22:27:42 player] 0,2;0,0
[22:27:42 server] opponent 2,0;0,1
[22:27:42 player] 1,0;0,1
[22:27:42 server] opponent 2,0;2,2
[22:27:42 player] 2,2;0,2
[22:27:42 server] opponent 0,2;2,0
[22:27:42 player] 2,0;1,1
[22:27:42 server] opponent 1,1;2,0
[22:27:42 player] 2,0;0,2
[22:27:42 server] opponent 0,2;2,1
[22:27:42 server] init
[22:27:42 server] opponent 0,0;2,0
[22:27:43 player] 2,0;0,1
[22:27:43 server] opponent 0,1;1,0
[22:27:43 player] 1,0;0,2
[22:27:43 server] opponent 0,2;2,1
[22:27:43 player] 2,1;0,0
[22:27:43 server] opponent 0,0;0,0
[22:27:43 player] 0,0;0,1
[22:27:43 server] opponent 0,1;2,1
[22:27:43 player] 2,1;0,1
[22:27:43 server] opponent 0,1;2,0
[22:27:43 player] 2,0;0,0
[22:27:43 server] opponent 0,0;1,0
[22:27:43 player] 1,0;1,1
[22:27:43 server] opponent 1,1;1,0
[22:27:43 player] 1,0;1,0
[22:27:43 server] opponent 1,0;2,2
[22:27:43 player] 2,2;0,0
[22:27:43 server] opponent 2,1;2,2
[22:27:43 player] 2,2;0,1
[22:27:43 server] opponent 0,1;0,2
[22:27:43 player] 0,2;2,0
[22:27:43 server] opponent 2,0;2,2
[22:27:43 player] 2,2;0,2
[22:27:43 server] opponent 0,2;1,1
[22:27:43 player] 1,1;1,1
[22:27:43 server] opponent 1,1;2,1
[22:27:43 player] 2,1;0,2
[22:27:43 server] opponent 0,2;2,2
[22:27:43 player] 1,0;2,1
[22:27:43 server] opponent 1,1;0,1
[22:27:43 player] 0,1;0,0
[22:27:43 server] opponent 1,0;0,1
[22:27:43 player] 0,1;0,1
[22:27:43 server] opponent 0,1;1,2
[22:27:43 player] 1,2;2,2
[22:27:43 server] opponent 2,0;1,1
[22:27:43 player] 1,1;0,2
[22:27:43 server] opponent 0,2;0,1
[22:27:43 player] 0,1;1,1
[22:27:43 server] opponent 1,1;1,2
[22:27:43 player] 1,2;1,2
[22:27:43 server] opponent 1,2;2,0
[22:27:43 player] 2,0;2,1
[22:27:43 server] opponent 0,1;2,2
[22:27:43 server] init
[22:27:43 server] move
[22:27:43 player] 0,0;0,1
[22:27:43 server] opponent 0,1;2,1
[22:27:43 player] 2,1;0,0
[22:27:43 server] opponent 0,0;2,2
[22:27:43 player] 2,2;0,0
[22:27:43 server] opponent 0,0;2,1
[22:27:43 player] 2,1;0,1
[22:27:43 server] opponent 0,1;0,2
[22:27:43 player] 0,2;1,1
[22:27:43 server] opponent 1,1;0,0
[22:27:43 player] 0,0;0,2
[22:27:43 server] opponent 0,2;2,1
[22:27:43 player] 2,1;0,2
[22:27:43 server] opponent 0,2;0,0
[22:27:43 player] 0,0;2,0
[22:27:43 server] opponent 2,0;1,1
[22:27:43 player] 1,1;0,1
[22:27:43 server] opponent 0,1;1,1
[22:27:43 player] 1,1;2,0
[22:27:43 server] opponent 2,0;2,0
[22:27:43 player] 2,0;0,0
[22:27:43 server] opponent 0,0;1,0
[22:27:43 player] 1,0;2,0
[22:27:43 server] opponent 2,0;0,2
[22:27:43 player] 0,2;0,2
[22:27:43 server] opponent 0,2;0,1
[22:27:43 player] 0,1;2,2
[22:27:43 server] opponent 2,2;0,1
[22:27:43 player] 0,1;0,1
[22:27:43 server] opponent 0,1;2,0
[22:27:43 player] 1,0;1,1
[22:27:43 server] opponent 1,1;1,0
[22:27:43 player] 1,0;0,0
[22:27:43 server] opponent 0,0;0,0
[22:27:43 player] 0,0;1,1
[22:27:43 server] opponent 1,1;1,1
[22:27:43 player] 1,1;0,2
[22:27:43 server] opponent 0,2;1,2
[22:27:43 player] 1,2;2,1
[22:27:43 server] opponent 1,0;0,1
[22:27:43 player] 1,0;1,2
[22:27:43 server] opponent 1,2;1,2
[22:27:43 player] 1,2;0,1
[22:27:43 server] opponent 1,2;1,0
[22:27:43 player] 1,0;2,1
[22:27:43 server] opponent 1,1;1,2
[22:27:43 player] 1,2;1,1
[22:27:43 server] opponent 1,0;2,2
[22:27:43 player] 2,2;0,2
[22:27:43 server] opponent 0,2;2,2
[22:27:43 player] 2,2;1,0
[22:27:43 server] opponent 1,0;1,0
[22:27:43 player] 1,0;0,2
[22:27:43 server] opponent 0,2;1,0
[22:27:43 player] 0,2;2,0
[22:27:43 server] opponent 2,2;1,2
[22:27:43 player] 2,2;1,1
[22:27:43 server] opponent 2,2;2,0
[22:27:43 player] 2,2;2,1
[22:27:43 server] opponent 2,2;2,2
[22:27:43 server] init
[22:27:43 server] opponent 0,0;1,0
[22:27:44 player] 1,0;2,0
[22:27:44 server] opponent 2,0;1,2
[22:27:44 player] 1,2;1,1
[22:27:44 server] opponent 1,1;1,2
[22:27:44 player] 1,2;0,0
[22:27:44 server] opponent 0,0;2,0
[22:27:44 player] 2,0;0,0
[22:27:44 server] opponent 0,0;0,2
[22:27:44 player] 0,2;0,2
[22:27:44 server] opponent 0,2;2,2
[22:27:44 player] 2,2;0,0
[22:27:44 server] opponent 0,0;1,2
[22:27:44 player] 1,2;2,1
[22:27:44 server] opponent 2,1;2,1
[22:27:44 player] 2,1;0,0
[22:27:44 server] opponent 0,0;1,1
[22:27:44 player] 1,1;0,2
[22:27:44 server] opponent 0,2;1,0
[22:27:44 player] 1,0;1,1
[22:27:44 server] opponent 1,1;0,0
[22:27:44 player] 0,2;0,1
[22:27:44 server] opponent 0,1;2,1
[22:27:44 player] 2,1;0,1
[22:27:44 server] opponent 0,1;2,2
[22:27:44 player] 2,2;0,1
[22:27:44 server] opponent 0,1;1,0
[22:27:44 player] 1,0;1,2
[22:27:44 server] opponent 1,2;0,1
[22:27:44 player] 0,1;1,1
[22:27:44 server] opponent 1,1;2,1
[22:27:44 player] 2,1;0,2
[22:27:44 server] opponent 0,2;1,2
[22:27:44 player] 1,2;0,2
[22:27:44 server] opponent 0,2;1,1
[22:27:44 player] 1,1;0,1
[22:27:44 server] opponent 0,1;0,0
[22:27:44 player] 1,0;0,2
[22:27:44 server] opponent 2,0;2,2
[22:27:44 player] 2,2;0,2
[22:27:44 server] opponent 2,0;0,2
[22:27:44 player] 0,1;0,1
[22:27:44 server] opponent 0,1;0,2
[22:27:44 player] 1,1;2,0
[22:27:44 server] opponent 0,1;1,2
[22:27:44 server] init
[22:27:44 server] move
[22:27:45 player] 0,0;0,1
[22:27:45 server] opponent 0,1;0,1
[22:27:45 player] 0,1;1,1
[22:27:45 server] opponent 1,1;1,1
[22:27:45 player] 1,1;1,0
[22:27:45 server] opponent 1,0;0,1
[22:27:45 player] 0,1;2,2
[22:27:45 server] opponent 2,2;2,1
[22:27:45 player] 2,1;0,0
[22:27:45 server] opponent 0,0;2,1
[22:27:45 player] 2,1;0,1
[22:27:45 server] opponent 0,1;0,0
[22:27:45 player] 0,0;1,1
[22:27:45 server] opponent 1,1;1,2
[22:27:45 player] 1,2;1,0
[22:27:45 server] opponent 1,0;2,0
[22:27:45 player] 2,0;0,1
[22:27:45 server] opponent 0,1;2,1
[22:27:45 player] 2,1;0,2
[22:27:45 server] opponent 0,2;1,0
[22:27:45 player] 1,0;1,2
[22:27:45 server] opponent 1,2;2,0
[22:27:45 player] 2,0;0,0
[22:27:45 server] opponent 0,0;2,2
[22:27:45 player] 2,2;0,0
[22:27:45 server] opponent 0,0;2,0
[22:27:45 player] 2,0;0,2
[22:27:45 server] opponent 0,2;2,2
[22:27:45 player] 2,2;0,1
[22:27:45 server] opponent 0,1;1,0
[22:27:45 player] 1,0;1,0
[22:27:45 server] opponent 1,0;2,2
[22:27:45 player] 2,2;0,2
[22:27:45 server] init
[22:27:45 server] opponent 0,0;2,0
[22:27:46 player] 2,0;0,1
[22:27:46 server] opponent 0,1;2,2
[22:27:46 player] 2,2;0,0
[22:27:46 server] opponent 0,0;2,1
[22:27:46 player] 2,1;0,0
[22:27:46 server] opponent 0,0;1,0
[22:27:46 player] 1,0;1,2
[22:27:46 server] opponent 1,2;0,1
[22:27:46 player] 0,1;2,1
[22:27:46 server] opponent 2,1;2,2
[22:27:46 player] 2,2;0,1
[22:27:46 server] opponent 0,1;1,2
[22:27:46 player] 1,2;1,0
[22:27:46 server] opponent 1,0;0,1
[22:27:46 player] 0,1;1,0
[22:27:46 server] opponent 1,0;2,0
[22:27:46 player] 2,0;0,0
[22:27:46 server] opponent 0,0;1,1
[22:27:46 player] 1,1;0,2
[22:27:46 server] opponent 0,2;0,2
[22:27:46 player] 0,2;0,1
[22:27:46 server] opponent 0,1;0,0
[22:27:46 player] 0,0;0,2
[22:27:46 server] opponent 0,2;2,2
[22:27:46 player] 2,2;0,2
[22:27:46 server] opponent 0,2;2,1
[22:27:46 player] 2,1;0,1
[22:27:46 server] opponent 0,1;1,1
[22:27:46 player] 1,1;2,1
[22:27:46 server] opponent 2,1;2,0
[22:27:46 player] 2,0;2,0
[22:27:46 server] opponent 2,0;2,1
[22:27:46 player] 2,1;0,2
[22:27:46 server] opponent 0,2;1,2
[22:27:46 player] 1,2;2,1
[22:27:46 server] opponent 0,0;2,2
[22:27:46 server] init
[22:27:46 server] move
[22:27:47 player] 0,0;0,1
[22:27:47 server] opponent 0,1;0,0
[22:27:47 player] 0,0;1,0
[22:27:47 server] opponent 1,0;2,1
[22:27:47 player] 2,1;0,0
[22:27:47 server] opponent 0,0;0,2
[22:27:47 player] 0,2;2,0
[22:27:47 server] opponent 2,0;1,0
[22:27:47 player] 1,0;2,0
[22:27:47 server] opponent 2,0;2,1
[22:27:47 player] 2,1;0,1
[22:27:47 server] opponent 0,1;1,1
[22:27:47 player] 1,1;1,1
[22:27:47 server] opponent 1,1;0,0
[22:27:47 player] 0,0;1,2
[22:27:47 server] opponent 1,2;0,2
[22:27:47 player] 0,2;1,1
[22:27:47 server] opponent 1,1;2,2
[22:27:47 player] 2,2;0,0
[22:27:47 server] opponent 0,0;2,0
[22:27:47 player] 2,0;0,0
[22:27:47 server] opponent 0,0;0,0
[22:27:47 player] 0,0;2,1
[22:27:47 server] opponent 2,1;2,0
[22:27:47 player] 2,0;1,2
[22:27:47 server] opponent 1,2;1,2
[22:27:47 player] 1,2;0,0
[22:27:47 server] opponent 0,0;1,1
[22:27:47 player] 1,1;0,1
[22:27:47 server] opponent 0,1;2,0
[22:27:47 player] 2,0;0,2
[22:27:47 server] opponent 0,2;2,1
[22:27:47 player] 2,1;0,2
[22:27:47 server] opponent 0,2;0,1
[22:27:47 player] 0,1;1,2
[22:27:47 server] opponent 1,2;2,1
[22:27:47 player] 1,0;1,1
[22:27:47 server] opponent 1,1;2,1
[22:27:47 player] 0,2;0,2
[22:27:47 server] opponent 2,2;0,2
[22:27:47 player] 0,1;2,2
[22:27:47 server] opponent 2,2;0,1
[22:27:47 player] 0,1;0,1
[22:27:47 server] opponent 0,1;0,2
[22:27:47 player] 1,0;0,2
[22:27:47 server] opponent 2,2;1,0
[22:27:47 player] 1,2;1,1
[22:27:47 server] opponent 1,1;1,0
[22:27:47 player] 1,2;2,2
[22:27:47 server] opponent 2,2;2,0
[22:27:47 player] 2,0;2,0
[22:27:47 server] opponent 2,0;2,2
[22:27:47 player] 2,2;1,1
[22:27:47 server] opponent 1,1;2,0
[22:27:47 player] 2,0;1,1
[22:27:47 server] opponent 2,2;1,2
[22:27:47 player] 2,2;2,1
[22:27:47 server] opponent 2,2;2,2
